#
# A fatal error has been detected by the Java Runtime Environment:
#
#  EXCEPTION_ACCESS_VIOLATION (0xc0000005) at pc=0x0000000000000000, pid=8524, tid=4440
#
# JRE version: Java(TM) SE Runtime Environment 18.9 (11.0.11+9) (build 11.0.11+9-LTS-194)
# Java VM: Java HotSpot(TM) 64-Bit Server VM 18.9 (11.0.11+9-LTS-194, mixed mode, tiered, compressed oops, g1 gc, windows-amd64)
# Problematic frame:
# C  0x0000000000000000
#
# No core dump will be written. Minidumps are not enabled by default on client versions of Windows
#
# If you would like to submit a bug report, please visit:
#   https://bugreport.java.com/bugreport/crash.jsp
#

---------------  S U M M A R Y ------------

Command Line: -Dfile.encoding=UTF-8 it.rdev.blog.api.BlogApiApplication

Host: AMD Ryzen 5 2600 Six-Core Processor            , 12 cores, 15G,  Windows 10 , 64 bit Build 19041 (10.0.19041.1023)
Time: Mon Jun 21 18:48:22 2021 ora legale Europa occidentale elapsed time: 6.391924 seconds (0d 0h 0m 6s)

---------------  T H R E A D  ---------------

Current thread (0x00000210e4310000):  JavaThread "C2 CompilerThread0" daemon [_thread_in_native, id=4440, stack(0x000000b3c9800000,0x000000b3c9900000)]


Current CompileTask:
C2:   6391 4834   !   4       org.springframework.core.annotation.AnnotationsScanner::processMethodHierarchy (276 bytes)

Stack: [0x000000b3c9800000,0x000000b3c9900000],  sp=0x000000b3c98fb5f8,  free space=1005k
Native frames: (J=compiled Java code, j=interpreted, Vv=VM code, C=native code)


siginfo: EXCEPTION_ACCESS_VIOLATION (0xc0000005), data execution prevention violation at address 0x0000000000000000


Register to memory mapping:

RIP=0x0 is NULL
RAX=0x0000000800000009 is pointing into metadata
RBX=0x00000210e79b2080 points into unknown readable memory: 09 00 00 00 08 00 00 00
RCX=0x00000210e79b2080 points into unknown readable memory: 09 00 00 00 08 00 00 00
RDX=0x0 is NULL
RSP=0x000000b3c98fb5f8 is pointing into the stack for thread: 0x00000210e4310000
RBP=0x00000210e7a14970 points into unknown readable memory: f0 f2 30 e4 10 02 00 00
RSI=0x0000000000000002 is an unknown value
RDI=0x00000210e87bcb80 points into unknown readable memory: f2 b0 7b e8 10 02 00 00
R8 =0x00000000000002a6 is an unknown value
R9 =0x00000210e7a14970 points into unknown readable memory: f0 f2 30 e4 10 02 00 00
R10=0x00000210e87b9b88 points into unknown readable memory: 78 16 9b e7 10 02 00 00
R11=0x00000210e87bb648 points into unknown readable memory: e8 1f 9b e7 10 02 00 00
R12=0x00000000ffffffff is an unknown value
R13=0x0 is NULL
R14=0x000000b3c98fbbb0 is pointing into the stack for thread: 0x00000210e4310000
R15=0x00000000000002a6 is an unknown value


Registers:
RAX=0x0000000800000009, RBX=0x00000210e79b2080, RCX=0x00000210e79b2080, RDX=0x0000000000000000
RSP=0x000000b3c98fb5f8, RBP=0x00000210e7a14970, RSI=0x0000000000000002, RDI=0x00000210e87bcb80
R8 =0x00000000000002a6, R9 =0x00000210e7a14970, R10=0x00000210e87b9b88, R11=0x00000210e87bb648
R12=0x00000000ffffffff, R13=0x0000000000000000, R14=0x000000b3c98fbbb0, R15=0x00000000000002a6
RIP=0x0000000000000000, EFLAGS=0x0000000000010283

Top of Stack: (sp=0x000000b3c98fb5f8)
0x000000b3c98fb5f8:   00007ffc40551110 00000210e4cdf370
0x000000b3c98fb608:   00000210e430f2f0 0000000000001540
0x000000b3c98fb618:   00000210e7580260 00000210e87bb640
0x000000b3c98fb628:   00007ffc40551b32 00000210e430f2f0
0x000000b3c98fb638:   00000210e9d23818 00000210e9186e20
0x000000b3c98fb648:   00000210e87bcb80 00000210e9d236c0
0x000000b3c98fb658:   0000000000000002 000000b3c98fb719
0x000000b3c98fb668:   00007ffc40550b94 00000210ea961fc0
0x000000b3c98fb678:   00000210e87bb0c0 00000000000002a6
0x000000b3c98fb688:   00000210e7a14970 00000210e430f2f0
0x000000b3c98fb698:   00000210e7a14970 000000b300000200
0x000000b3c98fb6a8:   00000210e430f2f0 00000210e7f65c40
0x000000b3c98fb6b8:   0000021000000094 000000000000054c
0x000000b3c98fb6c8:   0000000000001530 000000b3c98f0000
0x000000b3c98fb6d8:   0000000000000000 00000210eb592498
0x000000b3c98fb6e8:   0000000000000500 0000000000002b4d 

Instructions: (pc=0x0000000000000000)
0xffffffffffffffe0:   


Stack slot to memory mapping:
stack at sp + 0 slots: 0x00007ffc40551110 jvm.dll
stack at sp + 1 slots: 0x00000210e4cdf370 points into unknown readable memory: e2 d8 cd e4 10 02 00 00
stack at sp + 2 slots: 0x00000210e430f2f0 points into unknown readable memory: 06 00 00 00 00 00 00 00
stack at sp + 3 slots: 0x0000000000001540 is an unknown value
stack at sp + 4 slots: 0x00000210e7580260 points into unknown readable memory: b0 80 7b e8 10 02 00 00
stack at sp + 5 slots: 0x00000210e87bb640 points into unknown readable memory: 58 36 d2 e9 10 02 00 00
stack at sp + 6 slots: 0x00007ffc40551b32 jvm.dll
stack at sp + 7 slots: 0x00000210e430f2f0 points into unknown readable memory: 06 00 00 00 00 00 00 00


---------------  P R O C E S S  ---------------

Threads class SMR info:
_java_thread_list=0x00000210e8e6efe0, length=31, elements={
0x00000210e3a10000, 0x00000210e3a19800, 0x00000210e430c800, 0x00000210e430d800,
0x00000210e4310000, 0x00000210e4320800, 0x00000210e4323800, 0x00000210e44a2800,
0x00000210e44b9000, 0x00000210e44b4800, 0x00000210e5fee800, 0x00000210eb355000,
0x00000210ea3d2000, 0x00000210ea5ca800, 0x00000210ecc7f000, 0x00000210e7355800,
0x00000210e8894000, 0x00000210ec88e800, 0x00000210eccb0000, 0x00000210e8a45800,
0x00000210e8eb7800, 0x00000210e8eb5000, 0x00000210e8eb4800, 0x00000210e8eb6000,
0x00000210e8eb2800, 0x00000210e8eb8800, 0x00000210e8eb9000, 0x00000210e8eb3800,
0x00000210e79e0000, 0x00000210e79de000, 0x00000210e79dd800
}

Java Threads: ( => current thread )
  0x00000210e3a10000 JavaThread "Reference Handler" daemon [_thread_blocked, id=11632, stack(0x000000b3c9400000,0x000000b3c9500000)]
  0x00000210e3a19800 JavaThread "Finalizer" daemon [_thread_blocked, id=15292, stack(0x000000b3c9500000,0x000000b3c9600000)]
  0x00000210e430c800 JavaThread "Signal Dispatcher" daemon [_thread_blocked, id=19660, stack(0x000000b3c9600000,0x000000b3c9700000)]
  0x00000210e430d800 JavaThread "Attach Listener" daemon [_thread_blocked, id=5880, stack(0x000000b3c9700000,0x000000b3c9800000)]
=>0x00000210e4310000 JavaThread "C2 CompilerThread0" daemon [_thread_in_native, id=4440, stack(0x000000b3c9800000,0x000000b3c9900000)]
  0x00000210e4320800 JavaThread "C1 CompilerThread0" daemon [_thread_blocked, id=13856, stack(0x000000b3c9900000,0x000000b3c9a00000)]
  0x00000210e4323800 JavaThread "Sweeper thread" daemon [_thread_blocked, id=9276, stack(0x000000b3c9a00000,0x000000b3c9b00000)]
  0x00000210e44a2800 JavaThread "Service Thread" daemon [_thread_blocked, id=19664, stack(0x000000b3c9b00000,0x000000b3c9c00000)]
  0x00000210e44b9000 JavaThread "Common-Cleaner" daemon [_thread_blocked, id=3472, stack(0x000000b3c9d00000,0x000000b3c9e00000)]
  0x00000210e44b4800 JavaThread "C2 CompilerThread1" daemon [_thread_blocked, id=20324, stack(0x000000b3c9e00000,0x000000b3c9f00000)]
  0x00000210e5fee800 JavaThread "C2 CompilerThread2" daemon [_thread_blocked, id=5232, stack(0x000000b3ca400000,0x000000b3ca500000)]
  0x00000210eb355000 JavaThread "mysql-cj-abandoned-connection-cleanup" daemon [_thread_blocked, id=9132, stack(0x000000b3ca700000,0x000000b3ca800000)]
  0x00000210ea3d2000 JavaThread "HikariPool-1 housekeeper" daemon [_thread_blocked, id=13616, stack(0x000000b3ca900000,0x000000b3caa00000)]
  0x00000210ea5ca800 JavaThread "HikariPool-1 connection adder" daemon [_thread_blocked, id=21024, stack(0x000000b3caa00000,0x000000b3cab00000)]
  0x00000210ecc7f000 JavaThread "Catalina-utility-1" [_thread_blocked, id=17568, stack(0x000000b3cac00000,0x000000b3cad00000)]
  0x00000210e7355800 JavaThread "Catalina-utility-2" [_thread_blocked, id=16528, stack(0x000000b3cad00000,0x000000b3cae00000)]
  0x00000210e8894000 JavaThread "container-0" [_thread_blocked, id=16260, stack(0x000000b3cae00000,0x000000b3caf00000)]
  0x00000210ec88e800 JavaThread "http-nio-8080-BlockPoller" daemon [_thread_in_native, id=15736, stack(0x000000b3caf00000,0x000000b3cb000000)]
  0x00000210eccb0000 JavaThread "http-nio-8080-exec-1" daemon [_thread_blocked, id=13000, stack(0x000000b3cb000000,0x000000b3cb100000)]
  0x00000210e8a45800 JavaThread "http-nio-8080-exec-2" daemon [_thread_blocked, id=20548, stack(0x000000b3cb100000,0x000000b3cb200000)]
  0x00000210e8eb7800 JavaThread "http-nio-8080-exec-3" daemon [_thread_blocked, id=9924, stack(0x000000b3cb200000,0x000000b3cb300000)]
  0x00000210e8eb5000 JavaThread "http-nio-8080-exec-4" daemon [_thread_blocked, id=19640, stack(0x000000b3cb300000,0x000000b3cb400000)]
  0x00000210e8eb4800 JavaThread "http-nio-8080-exec-5" daemon [_thread_blocked, id=17420, stack(0x000000b3cb400000,0x000000b3cb500000)]
  0x00000210e8eb6000 JavaThread "http-nio-8080-exec-6" daemon [_thread_blocked, id=18844, stack(0x000000b3cb500000,0x000000b3cb600000)]
  0x00000210e8eb2800 JavaThread "http-nio-8080-exec-7" daemon [_thread_blocked, id=19936, stack(0x000000b3cb600000,0x000000b3cb700000)]
  0x00000210e8eb8800 JavaThread "http-nio-8080-exec-8" daemon [_thread_blocked, id=12672, stack(0x000000b3cb700000,0x000000b3cb800000)]
  0x00000210e8eb9000 JavaThread "http-nio-8080-exec-9" daemon [_thread_blocked, id=14996, stack(0x000000b3cb800000,0x000000b3cb900000)]
  0x00000210e8eb3800 JavaThread "http-nio-8080-exec-10" daemon [_thread_blocked, id=15544, stack(0x000000b3cb900000,0x000000b3cba00000)]
  0x00000210e79e0000 JavaThread "http-nio-8080-ClientPoller" daemon [_thread_in_native, id=18144, stack(0x000000b3cba00000,0x000000b3cbb00000)]
  0x00000210e79de000 JavaThread "http-nio-8080-Acceptor" daemon [_thread_in_native, id=4032, stack(0x000000b3cbb00000,0x000000b3cbc00000)]
  0x00000210e79dd800 JavaThread "DestroyJavaVM" [_thread_blocked, id=10244, stack(0x000000b3c8d00000,0x000000b3c8e00000)]

Other Threads:
  0x00000210e3a0e000 VMThread "VM Thread" [stack: 0x000000b3c9300000,0x000000b3c9400000] [id=10020]
  0x00000210e44aa800 WatcherThread [stack: 0x000000b3c9c00000,0x000000b3c9d00000] [id=17668]
  0x00000210bfaeb800 GCTaskThread "GC Thread#0" [stack: 0x000000b3c8e00000,0x000000b3c8f00000] [id=4472]
  0x00000210e4d40000 GCTaskThread "GC Thread#1" [stack: 0x000000b3c9f00000,0x000000b3ca000000] [id=2104]
  0x00000210e4d3d000 GCTaskThread "GC Thread#2" [stack: 0x000000b3ca000000,0x000000b3ca100000] [id=18200]
  0x00000210e4d40800 GCTaskThread "GC Thread#3" [stack: 0x000000b3ca100000,0x000000b3ca200000] [id=6684]
  0x00000210e4d3e000 GCTaskThread "GC Thread#4" [stack: 0x000000b3ca200000,0x000000b3ca300000] [id=20148]
  0x00000210e4d43000 GCTaskThread "GC Thread#5" [stack: 0x000000b3ca300000,0x000000b3ca400000] [id=12548]
  0x00000210e4d3e800 GCTaskThread "GC Thread#6" [stack: 0x000000b3cab00000,0x000000b3cac00000] [id=17292]
  0x00000210bfb4a800 ConcurrentGCThread "G1 Main Marker" [stack: 0x000000b3c8f00000,0x000000b3c9000000] [id=11084]
  0x00000210bfb51000 ConcurrentGCThread "G1 Conc#0" [stack: 0x000000b3c9000000,0x000000b3c9100000] [id=16352]
  0x00000210e4d3f800 ConcurrentGCThread "G1 Conc#1" [stack: 0x000000b3ca500000,0x000000b3ca600000] [id=20224]
  0x00000210e4d3c800 ConcurrentGCThread "G1 Conc#2" [stack: 0x000000b3ca600000,0x000000b3ca700000] [id=16392]
  0x00000210e38ee800 ConcurrentGCThread "G1 Refine#0" [stack: 0x000000b3c9100000,0x000000b3c9200000] [id=2976]
  0x00000210e38ef800 ConcurrentGCThread "G1 Young RemSet Sampling" [stack: 0x000000b3c9200000,0x000000b3c9300000] [id=19228]

Threads with active compile tasks:
C2 CompilerThread0   6468 4834   !   4       org.springframework.core.annotation.AnnotationsScanner::processMethodHierarchy (276 bytes)

VM state:not at safepoint (normal execution)

VM Mutex/Monitor currently owned by a thread: None

Heap address: 0x0000000700c00000, size: 4084 MB, Compressed Oops mode: Zero based, Oop shift amount: 3
Narrow klass base: 0x0000000800000000, Narrow klass shift: 0
Compressed class space size: 1073741824 Address: 0x0000000800000000

Heap:
 garbage-first heap   total 315392K, used 124534K [0x0000000700c00000, 0x0000000800000000)
  region size 1024K, 114 young (116736K), 13 survivors (13312K)
 Metaspace       used 69571K, capacity 71316K, committed 71552K, reserved 1112064K
  class space    used 8868K, capacity 9547K, committed 9600K, reserved 1048576K
Heap Regions: E=young(eden), S=young(survivor), O=old, HS=humongous(starts), HC=humongous(continues), CS=collection set, F=free, A=archive, TAMS=top-at-mark-start (previous, next)
|   0|0x0000000700c00000, 0x0000000700d00000, 0x0000000700d00000|100%|HS|  |TAMS 0x0000000700d00000, 0x0000000700c00000| Complete 
|   1|0x0000000700d00000, 0x0000000700e00000, 0x0000000700e00000|100%| O|  |TAMS 0x0000000700e00000, 0x0000000700d00000| Untracked 
|   2|0x0000000700e00000, 0x0000000700f00000, 0x0000000700f00000|100%| O|  |TAMS 0x0000000700f00000, 0x0000000700e00000| Untracked 
|   3|0x0000000700f00000, 0x0000000701000000, 0x0000000701000000|100%| O|  |TAMS 0x0000000701000000, 0x0000000700f00000| Untracked 
|   4|0x0000000701000000, 0x0000000701100000, 0x0000000701100000|100%| O|  |TAMS 0x0000000701100000, 0x0000000701000000| Untracked 
|   5|0x0000000701100000, 0x0000000701200000, 0x0000000701200000|100%| O|  |TAMS 0x0000000701200000, 0x0000000701100000| Untracked 
|   6|0x0000000701200000, 0x0000000701300000, 0x0000000701300000|100%| O|  |TAMS 0x0000000701300000, 0x0000000701200000| Untracked 
|   7|0x0000000701300000, 0x0000000701400000, 0x0000000701400000|100%| O|  |TAMS 0x0000000701400000, 0x0000000701300000| Untracked 
|   8|0x0000000701400000, 0x00000007014f4200, 0x0000000701500000| 95%| O|  |TAMS 0x00000007014f4200, 0x0000000701400000| Untracked 
|   9|0x0000000701500000, 0x0000000701500000, 0x0000000701600000|  0%| F|  |TAMS 0x0000000701500000, 0x0000000701500000| Untracked 
|  10|0x0000000701600000, 0x0000000701600000, 0x0000000701700000|  0%| F|  |TAMS 0x0000000701600000, 0x0000000701600000| Untracked 
|  11|0x0000000701700000, 0x0000000701700000, 0x0000000701800000|  0%| F|  |TAMS 0x0000000701700000, 0x0000000701700000| Untracked 
|  12|0x0000000701800000, 0x0000000701800000, 0x0000000701900000|  0%| F|  |TAMS 0x0000000701800000, 0x0000000701800000| Untracked 
|  13|0x0000000701900000, 0x0000000701900000, 0x0000000701a00000|  0%| F|  |TAMS 0x0000000701900000, 0x0000000701900000| Untracked 
|  14|0x0000000701a00000, 0x0000000701a00000, 0x0000000701b00000|  0%| F|  |TAMS 0x0000000701a00000, 0x0000000701a00000| Untracked 
|  15|0x0000000701b00000, 0x0000000701b00000, 0x0000000701c00000|  0%| F|  |TAMS 0x0000000701b00000, 0x0000000701b00000| Untracked 
|  16|0x0000000701c00000, 0x0000000701c00000, 0x0000000701d00000|  0%| F|  |TAMS 0x0000000701c00000, 0x0000000701c00000| Untracked 
|  17|0x0000000701d00000, 0x0000000701d00000, 0x0000000701e00000|  0%| F|  |TAMS 0x0000000701d00000, 0x0000000701d00000| Untracked 
|  18|0x0000000701e00000, 0x0000000701e00000, 0x0000000701f00000|  0%| F|  |TAMS 0x0000000701e00000, 0x0000000701e00000| Untracked 
|  19|0x0000000701f00000, 0x0000000701f00000, 0x0000000702000000|  0%| F|  |TAMS 0x0000000701f00000, 0x0000000701f00000| Untracked 
|  20|0x0000000702000000, 0x0000000702000000, 0x0000000702100000|  0%| F|  |TAMS 0x0000000702000000, 0x0000000702000000| Untracked 
|  21|0x0000000702100000, 0x0000000702100000, 0x0000000702200000|  0%| F|  |TAMS 0x0000000702100000, 0x0000000702100000| Untracked 
|  22|0x0000000702200000, 0x0000000702200000, 0x0000000702300000|  0%| F|  |TAMS 0x0000000702200000, 0x0000000702200000| Untracked 
|  23|0x0000000702300000, 0x0000000702300000, 0x0000000702400000|  0%| F|  |TAMS 0x0000000702300000, 0x0000000702300000| Untracked 
|  24|0x0000000702400000, 0x0000000702400000, 0x0000000702500000|  0%| F|  |TAMS 0x0000000702400000, 0x0000000702400000| Untracked 
|  25|0x0000000702500000, 0x0000000702500000, 0x0000000702600000|  0%| F|  |TAMS 0x0000000702500000, 0x0000000702500000| Untracked 
|  26|0x0000000702600000, 0x0000000702600000, 0x0000000702700000|  0%| F|  |TAMS 0x0000000702600000, 0x0000000702600000| Untracked 
|  27|0x0000000702700000, 0x0000000702700000, 0x0000000702800000|  0%| F|  |TAMS 0x0000000702700000, 0x0000000702700000| Untracked 
|  28|0x0000000702800000, 0x0000000702800000, 0x0000000702900000|  0%| F|  |TAMS 0x0000000702800000, 0x0000000702800000| Untracked 
|  29|0x0000000702900000, 0x0000000702900000, 0x0000000702a00000|  0%| F|  |TAMS 0x0000000702900000, 0x0000000702900000| Untracked 
|  30|0x0000000702a00000, 0x0000000702a00000, 0x0000000702b00000|  0%| F|  |TAMS 0x0000000702a00000, 0x0000000702a00000| Untracked 
|  31|0x0000000702b00000, 0x0000000702b00000, 0x0000000702c00000|  0%| F|  |TAMS 0x0000000702b00000, 0x0000000702b00000| Untracked 
|  32|0x0000000702c00000, 0x0000000702c00000, 0x0000000702d00000|  0%| F|  |TAMS 0x0000000702c00000, 0x0000000702c00000| Untracked 
|  33|0x0000000702d00000, 0x0000000702d00000, 0x0000000702e00000|  0%| F|  |TAMS 0x0000000702d00000, 0x0000000702d00000| Untracked 
|  34|0x0000000702e00000, 0x0000000702e00000, 0x0000000702f00000|  0%| F|  |TAMS 0x0000000702e00000, 0x0000000702e00000| Untracked 
|  35|0x0000000702f00000, 0x0000000702f00000, 0x0000000703000000|  0%| F|  |TAMS 0x0000000702f00000, 0x0000000702f00000| Untracked 
|  36|0x0000000703000000, 0x0000000703000000, 0x0000000703100000|  0%| F|  |TAMS 0x0000000703000000, 0x0000000703000000| Untracked 
|  37|0x0000000703100000, 0x0000000703100000, 0x0000000703200000|  0%| F|  |TAMS 0x0000000703100000, 0x0000000703100000| Untracked 
|  38|0x0000000703200000, 0x0000000703200000, 0x0000000703300000|  0%| F|  |TAMS 0x0000000703200000, 0x0000000703200000| Untracked 
|  39|0x0000000703300000, 0x0000000703300000, 0x0000000703400000|  0%| F|  |TAMS 0x0000000703300000, 0x0000000703300000| Untracked 
|  40|0x0000000703400000, 0x0000000703400000, 0x0000000703500000|  0%| F|  |TAMS 0x0000000703400000, 0x0000000703400000| Untracked 
|  41|0x0000000703500000, 0x0000000703500000, 0x0000000703600000|  0%| F|  |TAMS 0x0000000703500000, 0x0000000703500000| Untracked 
|  42|0x0000000703600000, 0x0000000703600000, 0x0000000703700000|  0%| F|  |TAMS 0x0000000703600000, 0x0000000703600000| Untracked 
|  43|0x0000000703700000, 0x0000000703700000, 0x0000000703800000|  0%| F|  |TAMS 0x0000000703700000, 0x0000000703700000| Untracked 
|  44|0x0000000703800000, 0x0000000703800000, 0x0000000703900000|  0%| F|  |TAMS 0x0000000703800000, 0x0000000703800000| Untracked 
|  45|0x0000000703900000, 0x0000000703900000, 0x0000000703a00000|  0%| F|  |TAMS 0x0000000703900000, 0x0000000703900000| Untracked 
|  46|0x0000000703a00000, 0x0000000703a00000, 0x0000000703b00000|  0%| F|  |TAMS 0x0000000703a00000, 0x0000000703a00000| Untracked 
|  47|0x0000000703b00000, 0x0000000703b00000, 0x0000000703c00000|  0%| F|  |TAMS 0x0000000703b00000, 0x0000000703b00000| Untracked 
|  48|0x0000000703c00000, 0x0000000703c00000, 0x0000000703d00000|  0%| F|  |TAMS 0x0000000703c00000, 0x0000000703c00000| Untracked 
|  49|0x0000000703d00000, 0x0000000703d00000, 0x0000000703e00000|  0%| F|  |TAMS 0x0000000703d00000, 0x0000000703d00000| Untracked 
|  50|0x0000000703e00000, 0x0000000703e00000, 0x0000000703f00000|  0%| F|  |TAMS 0x0000000703e00000, 0x0000000703e00000| Untracked 
|  51|0x0000000703f00000, 0x0000000703f00000, 0x0000000704000000|  0%| F|  |TAMS 0x0000000703f00000, 0x0000000703f00000| Untracked 
|  52|0x0000000704000000, 0x0000000704000000, 0x0000000704100000|  0%| F|  |TAMS 0x0000000704000000, 0x0000000704000000| Untracked 
|  53|0x0000000704100000, 0x0000000704100000, 0x0000000704200000|  0%| F|  |TAMS 0x0000000704100000, 0x0000000704100000| Untracked 
|  54|0x0000000704200000, 0x0000000704200000, 0x0000000704300000|  0%| F|  |TAMS 0x0000000704200000, 0x0000000704200000| Untracked 
|  55|0x0000000704300000, 0x0000000704300000, 0x0000000704400000|  0%| F|  |TAMS 0x0000000704300000, 0x0000000704300000| Untracked 
|  56|0x0000000704400000, 0x0000000704400000, 0x0000000704500000|  0%| F|  |TAMS 0x0000000704400000, 0x0000000704400000| Untracked 
|  57|0x0000000704500000, 0x0000000704500000, 0x0000000704600000|  0%| F|  |TAMS 0x0000000704500000, 0x0000000704500000| Untracked 
|  58|0x0000000704600000, 0x0000000704600000, 0x0000000704700000|  0%| F|  |TAMS 0x0000000704600000, 0x0000000704600000| Untracked 
|  59|0x0000000704700000, 0x0000000704700000, 0x0000000704800000|  0%| F|  |TAMS 0x0000000704700000, 0x0000000704700000| Untracked 
|  60|0x0000000704800000, 0x0000000704800000, 0x0000000704900000|  0%| F|  |TAMS 0x0000000704800000, 0x0000000704800000| Untracked 
|  61|0x0000000704900000, 0x0000000704900000, 0x0000000704a00000|  0%| F|  |TAMS 0x0000000704900000, 0x0000000704900000| Untracked 
|  62|0x0000000704a00000, 0x0000000704a00000, 0x0000000704b00000|  0%| F|  |TAMS 0x0000000704a00000, 0x0000000704a00000| Untracked 
|  63|0x0000000704b00000, 0x0000000704b00000, 0x0000000704c00000|  0%| F|  |TAMS 0x0000000704b00000, 0x0000000704b00000| Untracked 
|  64|0x0000000704c00000, 0x0000000704c00000, 0x0000000704d00000|  0%| F|  |TAMS 0x0000000704c00000, 0x0000000704c00000| Untracked 
|  65|0x0000000704d00000, 0x0000000704d00000, 0x0000000704e00000|  0%| F|  |TAMS 0x0000000704d00000, 0x0000000704d00000| Untracked 
|  66|0x0000000704e00000, 0x0000000704e00000, 0x0000000704f00000|  0%| F|  |TAMS 0x0000000704e00000, 0x0000000704e00000| Untracked 
|  67|0x0000000704f00000, 0x0000000704f00000, 0x0000000705000000|  0%| F|  |TAMS 0x0000000704f00000, 0x0000000704f00000| Untracked 
|  68|0x0000000705000000, 0x0000000705000000, 0x0000000705100000|  0%| F|  |TAMS 0x0000000705000000, 0x0000000705000000| Untracked 
|  69|0x0000000705100000, 0x0000000705100000, 0x0000000705200000|  0%| F|  |TAMS 0x0000000705100000, 0x0000000705100000| Untracked 
|  70|0x0000000705200000, 0x0000000705200000, 0x0000000705300000|  0%| F|  |TAMS 0x0000000705200000, 0x0000000705200000| Untracked 
|  71|0x0000000705300000, 0x0000000705300000, 0x0000000705400000|  0%| F|  |TAMS 0x0000000705300000, 0x0000000705300000| Untracked 
|  72|0x0000000705400000, 0x0000000705400000, 0x0000000705500000|  0%| F|  |TAMS 0x0000000705400000, 0x0000000705400000| Untracked 
|  73|0x0000000705500000, 0x0000000705500000, 0x0000000705600000|  0%| F|  |TAMS 0x0000000705500000, 0x0000000705500000| Untracked 
|  74|0x0000000705600000, 0x0000000705600000, 0x0000000705700000|  0%| F|  |TAMS 0x0000000705600000, 0x0000000705600000| Untracked 
|  75|0x0000000705700000, 0x0000000705700000, 0x0000000705800000|  0%| F|  |TAMS 0x0000000705700000, 0x0000000705700000| Untracked 
|  76|0x0000000705800000, 0x0000000705800000, 0x0000000705900000|  0%| F|  |TAMS 0x0000000705800000, 0x0000000705800000| Untracked 
|  77|0x0000000705900000, 0x0000000705900000, 0x0000000705a00000|  0%| F|  |TAMS 0x0000000705900000, 0x0000000705900000| Untracked 
|  78|0x0000000705a00000, 0x0000000705a00000, 0x0000000705b00000|  0%| F|  |TAMS 0x0000000705a00000, 0x0000000705a00000| Untracked 
|  79|0x0000000705b00000, 0x0000000705b00000, 0x0000000705c00000|  0%| F|  |TAMS 0x0000000705b00000, 0x0000000705b00000| Untracked 
|  80|0x0000000705c00000, 0x0000000705c00000, 0x0000000705d00000|  0%| F|  |TAMS 0x0000000705c00000, 0x0000000705c00000| Untracked 
|  81|0x0000000705d00000, 0x0000000705d00000, 0x0000000705e00000|  0%| F|  |TAMS 0x0000000705d00000, 0x0000000705d00000| Untracked 
|  82|0x0000000705e00000, 0x0000000705e00000, 0x0000000705f00000|  0%| F|  |TAMS 0x0000000705e00000, 0x0000000705e00000| Untracked 
|  83|0x0000000705f00000, 0x0000000705f00000, 0x0000000706000000|  0%| F|  |TAMS 0x0000000705f00000, 0x0000000705f00000| Untracked 
|  84|0x0000000706000000, 0x0000000706000000, 0x0000000706100000|  0%| F|  |TAMS 0x0000000706000000, 0x0000000706000000| Untracked 
|  85|0x0000000706100000, 0x0000000706100000, 0x0000000706200000|  0%| F|  |TAMS 0x0000000706100000, 0x0000000706100000| Untracked 
|  86|0x0000000706200000, 0x0000000706200000, 0x0000000706300000|  0%| F|  |TAMS 0x0000000706200000, 0x0000000706200000| Untracked 
|  87|0x0000000706300000, 0x0000000706300000, 0x0000000706400000|  0%| F|  |TAMS 0x0000000706300000, 0x0000000706300000| Untracked 
|  88|0x0000000706400000, 0x0000000706400000, 0x0000000706500000|  0%| F|  |TAMS 0x0000000706400000, 0x0000000706400000| Untracked 
|  89|0x0000000706500000, 0x0000000706500000, 0x0000000706600000|  0%| F|  |TAMS 0x0000000706500000, 0x0000000706500000| Untracked 
|  90|0x0000000706600000, 0x0000000706600000, 0x0000000706700000|  0%| F|  |TAMS 0x0000000706600000, 0x0000000706600000| Untracked 
|  91|0x0000000706700000, 0x0000000706700000, 0x0000000706800000|  0%| F|  |TAMS 0x0000000706700000, 0x0000000706700000| Untracked 
|  92|0x0000000706800000, 0x0000000706800000, 0x0000000706900000|  0%| F|  |TAMS 0x0000000706800000, 0x0000000706800000| Untracked 
|  93|0x0000000706900000, 0x0000000706900000, 0x0000000706a00000|  0%| F|  |TAMS 0x0000000706900000, 0x0000000706900000| Untracked 
|  94|0x0000000706a00000, 0x0000000706a00000, 0x0000000706b00000|  0%| F|  |TAMS 0x0000000706a00000, 0x0000000706a00000| Untracked 
|  95|0x0000000706b00000, 0x0000000706b00000, 0x0000000706c00000|  0%| F|  |TAMS 0x0000000706b00000, 0x0000000706b00000| Untracked 
|  96|0x0000000706c00000, 0x0000000706c00000, 0x0000000706d00000|  0%| F|  |TAMS 0x0000000706c00000, 0x0000000706c00000| Untracked 
|  97|0x0000000706d00000, 0x0000000706d00000, 0x0000000706e00000|  0%| F|  |TAMS 0x0000000706d00000, 0x0000000706d00000| Untracked 
|  98|0x0000000706e00000, 0x0000000706e00000, 0x0000000706f00000|  0%| F|  |TAMS 0x0000000706e00000, 0x0000000706e00000| Untracked 
|  99|0x0000000706f00000, 0x0000000706f00000, 0x0000000707000000|  0%| F|  |TAMS 0x0000000706f00000, 0x0000000706f00000| Untracked 
| 100|0x0000000707000000, 0x0000000707000000, 0x0000000707100000|  0%| F|  |TAMS 0x0000000707000000, 0x0000000707000000| Untracked 
| 101|0x0000000707100000, 0x0000000707100000, 0x0000000707200000|  0%| F|  |TAMS 0x0000000707100000, 0x0000000707100000| Untracked 
| 102|0x0000000707200000, 0x0000000707200000, 0x0000000707300000|  0%| F|  |TAMS 0x0000000707200000, 0x0000000707200000| Untracked 
| 103|0x0000000707300000, 0x0000000707300000, 0x0000000707400000|  0%| F|  |TAMS 0x0000000707300000, 0x0000000707300000| Untracked 
| 104|0x0000000707400000, 0x0000000707400000, 0x0000000707500000|  0%| F|  |TAMS 0x0000000707400000, 0x0000000707400000| Untracked 
| 105|0x0000000707500000, 0x0000000707500000, 0x0000000707600000|  0%| F|  |TAMS 0x0000000707500000, 0x0000000707500000| Untracked 
| 106|0x0000000707600000, 0x0000000707600000, 0x0000000707700000|  0%| F|  |TAMS 0x0000000707600000, 0x0000000707600000| Untracked 
| 107|0x0000000707700000, 0x0000000707700000, 0x0000000707800000|  0%| F|  |TAMS 0x0000000707700000, 0x0000000707700000| Untracked 
| 108|0x0000000707800000, 0x0000000707800000, 0x0000000707900000|  0%| F|  |TAMS 0x0000000707800000, 0x0000000707800000| Untracked 
| 109|0x0000000707900000, 0x0000000707900000, 0x0000000707a00000|  0%| F|  |TAMS 0x0000000707900000, 0x0000000707900000| Untracked 
| 110|0x0000000707a00000, 0x0000000707a00000, 0x0000000707b00000|  0%| F|  |TAMS 0x0000000707a00000, 0x0000000707a00000| Untracked 
| 111|0x0000000707b00000, 0x0000000707b00000, 0x0000000707c00000|  0%| F|  |TAMS 0x0000000707b00000, 0x0000000707b00000| Untracked 
| 112|0x0000000707c00000, 0x0000000707c00000, 0x0000000707d00000|  0%| F|  |TAMS 0x0000000707c00000, 0x0000000707c00000| Untracked 
| 113|0x0000000707d00000, 0x0000000707d00000, 0x0000000707e00000|  0%| F|  |TAMS 0x0000000707d00000, 0x0000000707d00000| Untracked 
| 114|0x0000000707e00000, 0x0000000707e00000, 0x0000000707f00000|  0%| F|  |TAMS 0x0000000707e00000, 0x0000000707e00000| Untracked 
| 115|0x0000000707f00000, 0x0000000707f00000, 0x0000000708000000|  0%| F|  |TAMS 0x0000000707f00000, 0x0000000707f00000| Untracked 
| 116|0x0000000708000000, 0x0000000708000000, 0x0000000708100000|  0%| F|  |TAMS 0x0000000708000000, 0x0000000708000000| Untracked 
| 117|0x0000000708100000, 0x0000000708100000, 0x0000000708200000|  0%| F|  |TAMS 0x0000000708100000, 0x0000000708100000| Untracked 
| 118|0x0000000708200000, 0x0000000708200000, 0x0000000708300000|  0%| F|  |TAMS 0x0000000708200000, 0x0000000708200000| Untracked 
| 119|0x0000000708300000, 0x0000000708300000, 0x0000000708400000|  0%| F|  |TAMS 0x0000000708300000, 0x0000000708300000| Untracked 
| 120|0x0000000708400000, 0x0000000708400000, 0x0000000708500000|  0%| F|  |TAMS 0x0000000708400000, 0x0000000708400000| Untracked 
| 121|0x0000000708500000, 0x0000000708500000, 0x0000000708600000|  0%| F|  |TAMS 0x0000000708500000, 0x0000000708500000| Untracked 
| 122|0x0000000708600000, 0x0000000708600000, 0x0000000708700000|  0%| F|  |TAMS 0x0000000708600000, 0x0000000708600000| Untracked 
| 123|0x0000000708700000, 0x0000000708700000, 0x0000000708800000|  0%| F|  |TAMS 0x0000000708700000, 0x0000000708700000| Untracked 
| 124|0x0000000708800000, 0x0000000708800000, 0x0000000708900000|  0%| F|  |TAMS 0x0000000708800000, 0x0000000708800000| Untracked 
| 125|0x0000000708900000, 0x0000000708900000, 0x0000000708a00000|  0%| F|  |TAMS 0x0000000708900000, 0x0000000708900000| Untracked 
| 126|0x0000000708a00000, 0x0000000708a00000, 0x0000000708b00000|  0%| F|  |TAMS 0x0000000708a00000, 0x0000000708a00000| Untracked 
| 127|0x0000000708b00000, 0x0000000708b00000, 0x0000000708c00000|  0%| F|  |TAMS 0x0000000708b00000, 0x0000000708b00000| Untracked 
| 128|0x0000000708c00000, 0x0000000708c00000, 0x0000000708d00000|  0%| F|  |TAMS 0x0000000708c00000, 0x0000000708c00000| Untracked 
| 129|0x0000000708d00000, 0x0000000708d00000, 0x0000000708e00000|  0%| F|  |TAMS 0x0000000708d00000, 0x0000000708d00000| Untracked 
| 130|0x0000000708e00000, 0x0000000708e00000, 0x0000000708f00000|  0%| F|  |TAMS 0x0000000708e00000, 0x0000000708e00000| Untracked 
| 131|0x0000000708f00000, 0x0000000708f00000, 0x0000000709000000|  0%| F|  |TAMS 0x0000000708f00000, 0x0000000708f00000| Untracked 
| 132|0x0000000709000000, 0x0000000709000000, 0x0000000709100000|  0%| F|  |TAMS 0x0000000709000000, 0x0000000709000000| Untracked 
| 133|0x0000000709100000, 0x0000000709100000, 0x0000000709200000|  0%| F|  |TAMS 0x0000000709100000, 0x0000000709100000| Untracked 
| 134|0x0000000709200000, 0x0000000709200000, 0x0000000709300000|  0%| F|  |TAMS 0x0000000709200000, 0x0000000709200000| Untracked 
| 135|0x0000000709300000, 0x0000000709300000, 0x0000000709400000|  0%| F|  |TAMS 0x0000000709300000, 0x0000000709300000| Untracked 
| 136|0x0000000709400000, 0x0000000709400000, 0x0000000709500000|  0%| F|  |TAMS 0x0000000709400000, 0x0000000709400000| Untracked 
| 137|0x0000000709500000, 0x0000000709500000, 0x0000000709600000|  0%| F|  |TAMS 0x0000000709500000, 0x0000000709500000| Untracked 
| 138|0x0000000709600000, 0x0000000709600000, 0x0000000709700000|  0%| F|  |TAMS 0x0000000709600000, 0x0000000709600000| Untracked 
| 139|0x0000000709700000, 0x0000000709700000, 0x0000000709800000|  0%| F|  |TAMS 0x0000000709700000, 0x0000000709700000| Untracked 
| 140|0x0000000709800000, 0x0000000709800000, 0x0000000709900000|  0%| F|  |TAMS 0x0000000709800000, 0x0000000709800000| Untracked 
| 141|0x0000000709900000, 0x0000000709900000, 0x0000000709a00000|  0%| F|  |TAMS 0x0000000709900000, 0x0000000709900000| Untracked 
| 142|0x0000000709a00000, 0x0000000709a00000, 0x0000000709b00000|  0%| F|  |TAMS 0x0000000709a00000, 0x0000000709a00000| Untracked 
| 143|0x0000000709b00000, 0x0000000709b00000, 0x0000000709c00000|  0%| F|  |TAMS 0x0000000709b00000, 0x0000000709b00000| Untracked 
| 144|0x0000000709c00000, 0x0000000709c00000, 0x0000000709d00000|  0%| F|  |TAMS 0x0000000709c00000, 0x0000000709c00000| Untracked 
| 145|0x0000000709d00000, 0x0000000709d00000, 0x0000000709e00000|  0%| F|  |TAMS 0x0000000709d00000, 0x0000000709d00000| Untracked 
| 146|0x0000000709e00000, 0x0000000709e00000, 0x0000000709f00000|  0%| F|  |TAMS 0x0000000709e00000, 0x0000000709e00000| Untracked 
| 147|0x0000000709f00000, 0x0000000709f00000, 0x000000070a000000|  0%| F|  |TAMS 0x0000000709f00000, 0x0000000709f00000| Untracked 
| 148|0x000000070a000000, 0x000000070a000000, 0x000000070a100000|  0%| F|  |TAMS 0x000000070a000000, 0x000000070a000000| Untracked 
| 149|0x000000070a100000, 0x000000070a100000, 0x000000070a200000|  0%| F|  |TAMS 0x000000070a100000, 0x000000070a100000| Untracked 
| 150|0x000000070a200000, 0x000000070a200000, 0x000000070a300000|  0%| F|  |TAMS 0x000000070a200000, 0x000000070a200000| Untracked 
| 151|0x000000070a300000, 0x000000070a300000, 0x000000070a400000|  0%| F|  |TAMS 0x000000070a300000, 0x000000070a300000| Untracked 
| 152|0x000000070a400000, 0x000000070a400000, 0x000000070a500000|  0%| F|  |TAMS 0x000000070a400000, 0x000000070a400000| Untracked 
| 153|0x000000070a500000, 0x000000070a500000, 0x000000070a600000|  0%| F|  |TAMS 0x000000070a500000, 0x000000070a500000| Untracked 
| 154|0x000000070a600000, 0x000000070a600000, 0x000000070a700000|  0%| F|  |TAMS 0x000000070a600000, 0x000000070a600000| Untracked 
| 155|0x000000070a700000, 0x000000070a700000, 0x000000070a800000|  0%| F|  |TAMS 0x000000070a700000, 0x000000070a700000| Untracked 
| 156|0x000000070a800000, 0x000000070a800000, 0x000000070a900000|  0%| F|  |TAMS 0x000000070a800000, 0x000000070a800000| Untracked 
| 157|0x000000070a900000, 0x000000070a900000, 0x000000070aa00000|  0%| F|  |TAMS 0x000000070a900000, 0x000000070a900000| Untracked 
| 158|0x000000070aa00000, 0x000000070aa00000, 0x000000070ab00000|  0%| F|  |TAMS 0x000000070aa00000, 0x000000070aa00000| Untracked 
| 159|0x000000070ab00000, 0x000000070ab00000, 0x000000070ac00000|  0%| F|  |TAMS 0x000000070ab00000, 0x000000070ab00000| Untracked 
| 160|0x000000070ac00000, 0x000000070ac00000, 0x000000070ad00000|  0%| F|  |TAMS 0x000000070ac00000, 0x000000070ac00000| Untracked 
| 161|0x000000070ad00000, 0x000000070ad00000, 0x000000070ae00000|  0%| F|  |TAMS 0x000000070ad00000, 0x000000070ad00000| Untracked 
| 162|0x000000070ae00000, 0x000000070ae00000, 0x000000070af00000|  0%| F|  |TAMS 0x000000070ae00000, 0x000000070ae00000| Untracked 
| 163|0x000000070af00000, 0x000000070af00000, 0x000000070b000000|  0%| F|  |TAMS 0x000000070af00000, 0x000000070af00000| Untracked 
| 164|0x000000070b000000, 0x000000070b000000, 0x000000070b100000|  0%| F|  |TAMS 0x000000070b000000, 0x000000070b000000| Untracked 
| 165|0x000000070b100000, 0x000000070b100000, 0x000000070b200000|  0%| F|  |TAMS 0x000000070b100000, 0x000000070b100000| Untracked 
| 166|0x000000070b200000, 0x000000070b200000, 0x000000070b300000|  0%| F|  |TAMS 0x000000070b200000, 0x000000070b200000| Untracked 
| 167|0x000000070b300000, 0x000000070b300000, 0x000000070b400000|  0%| F|  |TAMS 0x000000070b300000, 0x000000070b300000| Untracked 
| 168|0x000000070b400000, 0x000000070b400000, 0x000000070b500000|  0%| F|  |TAMS 0x000000070b400000, 0x000000070b400000| Untracked 
| 169|0x000000070b500000, 0x000000070b500000, 0x000000070b600000|  0%| F|  |TAMS 0x000000070b500000, 0x000000070b500000| Untracked 
| 170|0x000000070b600000, 0x000000070b600000, 0x000000070b700000|  0%| F|  |TAMS 0x000000070b600000, 0x000000070b600000| Untracked 
| 171|0x000000070b700000, 0x000000070b700000, 0x000000070b800000|  0%| F|  |TAMS 0x000000070b700000, 0x000000070b700000| Untracked 
| 172|0x000000070b800000, 0x000000070b800000, 0x000000070b900000|  0%| F|  |TAMS 0x000000070b800000, 0x000000070b800000| Untracked 
| 173|0x000000070b900000, 0x000000070b900000, 0x000000070ba00000|  0%| F|  |TAMS 0x000000070b900000, 0x000000070b900000| Untracked 
| 174|0x000000070ba00000, 0x000000070ba00000, 0x000000070bb00000|  0%| F|  |TAMS 0x000000070ba00000, 0x000000070ba00000| Untracked 
| 175|0x000000070bb00000, 0x000000070bb00000, 0x000000070bc00000|  0%| F|  |TAMS 0x000000070bb00000, 0x000000070bb00000| Untracked 
| 176|0x000000070bc00000, 0x000000070bc00000, 0x000000070bd00000|  0%| F|  |TAMS 0x000000070bc00000, 0x000000070bc00000| Untracked 
| 177|0x000000070bd00000, 0x000000070bd00000, 0x000000070be00000|  0%| F|  |TAMS 0x000000070bd00000, 0x000000070bd00000| Untracked 
| 178|0x000000070be00000, 0x000000070be00000, 0x000000070bf00000|  0%| F|  |TAMS 0x000000070be00000, 0x000000070be00000| Untracked 
| 179|0x000000070bf00000, 0x000000070bf00000, 0x000000070c000000|  0%| F|  |TAMS 0x000000070bf00000, 0x000000070bf00000| Untracked 
| 180|0x000000070c000000, 0x000000070c000000, 0x000000070c100000|  0%| F|  |TAMS 0x000000070c000000, 0x000000070c000000| Untracked 
| 181|0x000000070c100000, 0x000000070c100000, 0x000000070c200000|  0%| F|  |TAMS 0x000000070c100000, 0x000000070c100000| Untracked 
| 182|0x000000070c200000, 0x000000070c200000, 0x000000070c300000|  0%| F|  |TAMS 0x000000070c200000, 0x000000070c200000| Untracked 
| 183|0x000000070c300000, 0x000000070c300000, 0x000000070c400000|  0%| F|  |TAMS 0x000000070c300000, 0x000000070c300000| Untracked 
| 184|0x000000070c400000, 0x000000070c400000, 0x000000070c500000|  0%| F|  |TAMS 0x000000070c400000, 0x000000070c400000| Untracked 
| 185|0x000000070c500000, 0x000000070c500000, 0x000000070c600000|  0%| F|  |TAMS 0x000000070c500000, 0x000000070c500000| Untracked 
| 186|0x000000070c600000, 0x000000070c600000, 0x000000070c700000|  0%| F|  |TAMS 0x000000070c600000, 0x000000070c600000| Untracked 
| 187|0x000000070c700000, 0x000000070c700000, 0x000000070c800000|  0%| F|  |TAMS 0x000000070c700000, 0x000000070c700000| Untracked 
| 188|0x000000070c800000, 0x000000070c800000, 0x000000070c900000|  0%| F|  |TAMS 0x000000070c800000, 0x000000070c800000| Untracked 
| 189|0x000000070c900000, 0x000000070c900000, 0x000000070ca00000|  0%| F|  |TAMS 0x000000070c900000, 0x000000070c900000| Untracked 
| 190|0x000000070ca00000, 0x000000070ca00000, 0x000000070cb00000|  0%| F|  |TAMS 0x000000070ca00000, 0x000000070ca00000| Untracked 
| 191|0x000000070cb00000, 0x000000070cb00000, 0x000000070cc00000|  0%| F|  |TAMS 0x000000070cb00000, 0x000000070cb00000| Untracked 
| 192|0x000000070cc00000, 0x000000070cc00000, 0x000000070cd00000|  0%| F|  |TAMS 0x000000070cc00000, 0x000000070cc00000| Untracked 
| 193|0x000000070cd00000, 0x000000070cd00000, 0x000000070ce00000|  0%| F|  |TAMS 0x000000070cd00000, 0x000000070cd00000| Untracked 
| 194|0x000000070ce00000, 0x000000070ce00800, 0x000000070cf00000|  0%| E|  |TAMS 0x000000070ce00000, 0x000000070ce00000| Complete 
| 195|0x000000070cf00000, 0x000000070d000000, 0x000000070d000000|100%| E|CS|TAMS 0x000000070cf00000, 0x000000070cf00000| Complete 
| 196|0x000000070d000000, 0x000000070d100000, 0x000000070d100000|100%| E|CS|TAMS 0x000000070d000000, 0x000000070d000000| Complete 
| 197|0x000000070d100000, 0x000000070d200000, 0x000000070d200000|100%| E|CS|TAMS 0x000000070d100000, 0x000000070d100000| Complete 
| 198|0x000000070d200000, 0x000000070d300000, 0x000000070d300000|100%| E|CS|TAMS 0x000000070d200000, 0x000000070d200000| Complete 
| 199|0x000000070d300000, 0x000000070d400000, 0x000000070d400000|100%| E|CS|TAMS 0x000000070d300000, 0x000000070d300000| Complete 
| 200|0x000000070d400000, 0x000000070d500000, 0x000000070d500000|100%| E|CS|TAMS 0x000000070d400000, 0x000000070d400000| Complete 
| 201|0x000000070d500000, 0x000000070d600000, 0x000000070d600000|100%| E|CS|TAMS 0x000000070d500000, 0x000000070d500000| Complete 
| 202|0x000000070d600000, 0x000000070d700000, 0x000000070d700000|100%| E|CS|TAMS 0x000000070d600000, 0x000000070d600000| Complete 
| 203|0x000000070d700000, 0x000000070d800000, 0x000000070d800000|100%| E|CS|TAMS 0x000000070d700000, 0x000000070d700000| Complete 
| 204|0x000000070d800000, 0x000000070d900000, 0x000000070d900000|100%| E|CS|TAMS 0x000000070d800000, 0x000000070d800000| Complete 
| 205|0x000000070d900000, 0x000000070da00000, 0x000000070da00000|100%| E|CS|TAMS 0x000000070d900000, 0x000000070d900000| Complete 
| 206|0x000000070da00000, 0x000000070db00000, 0x000000070db00000|100%| E|CS|TAMS 0x000000070da00000, 0x000000070da00000| Complete 
| 207|0x000000070db00000, 0x000000070dc00000, 0x000000070dc00000|100%| E|CS|TAMS 0x000000070db00000, 0x000000070db00000| Complete 
| 208|0x000000070dc00000, 0x000000070dd00000, 0x000000070dd00000|100%| E|CS|TAMS 0x000000070dc00000, 0x000000070dc00000| Complete 
| 209|0x000000070dd00000, 0x000000070de00000, 0x000000070de00000|100%| E|CS|TAMS 0x000000070dd00000, 0x000000070dd00000| Complete 
| 210|0x000000070de00000, 0x000000070df00000, 0x000000070df00000|100%| E|CS|TAMS 0x000000070de00000, 0x000000070de00000| Complete 
| 211|0x000000070df00000, 0x000000070e000000, 0x000000070e000000|100%| E|CS|TAMS 0x000000070df00000, 0x000000070df00000| Complete 
| 212|0x000000070e000000, 0x000000070e100000, 0x000000070e100000|100%| E|CS|TAMS 0x000000070e000000, 0x000000070e000000| Complete 
| 213|0x000000070e100000, 0x000000070e200000, 0x000000070e200000|100%| E|CS|TAMS 0x000000070e100000, 0x000000070e100000| Complete 
| 214|0x000000070e200000, 0x000000070e300000, 0x000000070e300000|100%| E|CS|TAMS 0x000000070e200000, 0x000000070e200000| Complete 
| 215|0x000000070e300000, 0x000000070e400000, 0x000000070e400000|100%| E|CS|TAMS 0x000000070e300000, 0x000000070e300000| Complete 
| 216|0x000000070e400000, 0x000000070e500000, 0x000000070e500000|100%| E|CS|TAMS 0x000000070e400000, 0x000000070e400000| Complete 
| 217|0x000000070e500000, 0x000000070e600000, 0x000000070e600000|100%| E|CS|TAMS 0x000000070e500000, 0x000000070e500000| Complete 
| 218|0x000000070e600000, 0x000000070e700000, 0x000000070e700000|100%| E|CS|TAMS 0x000000070e600000, 0x000000070e600000| Complete 
| 219|0x000000070e700000, 0x000000070e800000, 0x000000070e800000|100%| E|CS|TAMS 0x000000070e700000, 0x000000070e700000| Complete 
| 220|0x000000070e800000, 0x000000070e900000, 0x000000070e900000|100%| E|CS|TAMS 0x000000070e800000, 0x000000070e800000| Complete 
| 221|0x000000070e900000, 0x000000070ea00000, 0x000000070ea00000|100%| E|CS|TAMS 0x000000070e900000, 0x000000070e900000| Complete 
| 222|0x000000070ea00000, 0x000000070eb00000, 0x000000070eb00000|100%| E|CS|TAMS 0x000000070ea00000, 0x000000070ea00000| Complete 
| 223|0x000000070eb00000, 0x000000070ec00000, 0x000000070ec00000|100%| E|CS|TAMS 0x000000070eb00000, 0x000000070eb00000| Complete 
| 224|0x000000070ec00000, 0x000000070ed00000, 0x000000070ed00000|100%| E|CS|TAMS 0x000000070ec00000, 0x000000070ec00000| Complete 
| 225|0x000000070ed00000, 0x000000070ee00000, 0x000000070ee00000|100%| E|CS|TAMS 0x000000070ed00000, 0x000000070ed00000| Complete 
| 226|0x000000070ee00000, 0x000000070ef00000, 0x000000070ef00000|100%| E|CS|TAMS 0x000000070ee00000, 0x000000070ee00000| Complete 
| 227|0x000000070ef00000, 0x000000070f000000, 0x000000070f000000|100%| E|CS|TAMS 0x000000070ef00000, 0x000000070ef00000| Complete 
| 228|0x000000070f000000, 0x000000070f100000, 0x000000070f100000|100%| E|CS|TAMS 0x000000070f000000, 0x000000070f000000| Complete 
| 229|0x000000070f100000, 0x000000070f200000, 0x000000070f200000|100%| E|CS|TAMS 0x000000070f100000, 0x000000070f100000| Complete 
| 230|0x000000070f200000, 0x000000070f300000, 0x000000070f300000|100%| E|CS|TAMS 0x000000070f200000, 0x000000070f200000| Complete 
| 231|0x000000070f300000, 0x000000070f400000, 0x000000070f400000|100%| E|CS|TAMS 0x000000070f300000, 0x000000070f300000| Complete 
| 232|0x000000070f400000, 0x000000070f500000, 0x000000070f500000|100%| E|CS|TAMS 0x000000070f400000, 0x000000070f400000| Complete 
| 233|0x000000070f500000, 0x000000070f600000, 0x000000070f600000|100%| E|CS|TAMS 0x000000070f500000, 0x000000070f500000| Complete 
| 234|0x000000070f600000, 0x000000070f700000, 0x000000070f700000|100%| E|CS|TAMS 0x000000070f600000, 0x000000070f600000| Complete 
| 235|0x000000070f700000, 0x000000070f800000, 0x000000070f800000|100%| E|CS|TAMS 0x000000070f700000, 0x000000070f700000| Complete 
| 236|0x000000070f800000, 0x000000070f900000, 0x000000070f900000|100%| E|CS|TAMS 0x000000070f800000, 0x000000070f800000| Complete 
| 237|0x000000070f900000, 0x000000070fa00000, 0x000000070fa00000|100%| E|CS|TAMS 0x000000070f900000, 0x000000070f900000| Complete 
| 238|0x000000070fa00000, 0x000000070fb00000, 0x000000070fb00000|100%| E|CS|TAMS 0x000000070fa00000, 0x000000070fa00000| Complete 
| 239|0x000000070fb00000, 0x000000070fc00000, 0x000000070fc00000|100%| E|CS|TAMS 0x000000070fb00000, 0x000000070fb00000| Complete 
| 240|0x000000070fc00000, 0x000000070fd00000, 0x000000070fd00000|100%| E|CS|TAMS 0x000000070fc00000, 0x000000070fc00000| Complete 
| 241|0x000000070fd00000, 0x000000070fe00000, 0x000000070fe00000|100%| E|CS|TAMS 0x000000070fd00000, 0x000000070fd00000| Complete 
| 242|0x000000070fe00000, 0x000000070ff00000, 0x000000070ff00000|100%| E|CS|TAMS 0x000000070fe00000, 0x000000070fe00000| Complete 
| 243|0x000000070ff00000, 0x0000000710000000, 0x0000000710000000|100%| E|CS|TAMS 0x000000070ff00000, 0x000000070ff00000| Complete 
| 244|0x0000000710000000, 0x0000000710100000, 0x0000000710100000|100%| E|CS|TAMS 0x0000000710000000, 0x0000000710000000| Complete 
| 245|0x0000000710100000, 0x0000000710200000, 0x0000000710200000|100%| E|CS|TAMS 0x0000000710100000, 0x0000000710100000| Complete 
| 246|0x0000000710200000, 0x0000000710300000, 0x0000000710300000|100%| E|CS|TAMS 0x0000000710200000, 0x0000000710200000| Complete 
| 247|0x0000000710300000, 0x0000000710400000, 0x0000000710400000|100%| E|CS|TAMS 0x0000000710300000, 0x0000000710300000| Complete 
| 248|0x0000000710400000, 0x0000000710500000, 0x0000000710500000|100%| E|CS|TAMS 0x0000000710400000, 0x0000000710400000| Complete 
| 249|0x0000000710500000, 0x0000000710600000, 0x0000000710600000|100%| E|CS|TAMS 0x0000000710500000, 0x0000000710500000| Complete 
| 250|0x0000000710600000, 0x0000000710700000, 0x0000000710700000|100%| E|CS|TAMS 0x0000000710600000, 0x0000000710600000| Complete 
| 251|0x0000000710700000, 0x0000000710800000, 0x0000000710800000|100%| E|CS|TAMS 0x0000000710700000, 0x0000000710700000| Complete 
| 252|0x0000000710800000, 0x0000000710900000, 0x0000000710900000|100%| E|CS|TAMS 0x0000000710800000, 0x0000000710800000| Complete 
| 253|0x0000000710900000, 0x0000000710a00000, 0x0000000710a00000|100%| E|CS|TAMS 0x0000000710900000, 0x0000000710900000| Complete 
| 254|0x0000000710a00000, 0x0000000710b00000, 0x0000000710b00000|100%| E|CS|TAMS 0x0000000710a00000, 0x0000000710a00000| Complete 
| 255|0x0000000710b00000, 0x0000000710c00000, 0x0000000710c00000|100%| E|CS|TAMS 0x0000000710b00000, 0x0000000710b00000| Complete 
| 256|0x0000000710c00000, 0x0000000710d00000, 0x0000000710d00000|100%| E|CS|TAMS 0x0000000710c00000, 0x0000000710c00000| Complete 
| 257|0x0000000710d00000, 0x0000000710e00000, 0x0000000710e00000|100%| E|CS|TAMS 0x0000000710d00000, 0x0000000710d00000| Complete 
| 258|0x0000000710e00000, 0x0000000710f00000, 0x0000000710f00000|100%| E|CS|TAMS 0x0000000710e00000, 0x0000000710e00000| Complete 
| 259|0x0000000710f00000, 0x0000000711000000, 0x0000000711000000|100%| E|CS|TAMS 0x0000000710f00000, 0x0000000710f00000| Complete 
| 260|0x0000000711000000, 0x0000000711100000, 0x0000000711100000|100%| E|CS|TAMS 0x0000000711000000, 0x0000000711000000| Complete 
| 261|0x0000000711100000, 0x0000000711200000, 0x0000000711200000|100%| E|CS|TAMS 0x0000000711100000, 0x0000000711100000| Complete 
| 262|0x0000000711200000, 0x0000000711300000, 0x0000000711300000|100%| E|CS|TAMS 0x0000000711200000, 0x0000000711200000| Complete 
| 263|0x0000000711300000, 0x0000000711400000, 0x0000000711400000|100%| E|CS|TAMS 0x0000000711300000, 0x0000000711300000| Complete 
| 264|0x0000000711400000, 0x0000000711500000, 0x0000000711500000|100%| E|CS|TAMS 0x0000000711400000, 0x0000000711400000| Complete 
| 265|0x0000000711500000, 0x0000000711600000, 0x0000000711600000|100%| E|CS|TAMS 0x0000000711500000, 0x0000000711500000| Complete 
| 266|0x0000000711600000, 0x0000000711700000, 0x0000000711700000|100%| E|CS|TAMS 0x0000000711600000, 0x0000000711600000| Complete 
| 267|0x0000000711700000, 0x0000000711800000, 0x0000000711800000|100%| E|CS|TAMS 0x0000000711700000, 0x0000000711700000| Complete 
| 268|0x0000000711800000, 0x0000000711900000, 0x0000000711900000|100%| E|CS|TAMS 0x0000000711800000, 0x0000000711800000| Complete 
| 269|0x0000000711900000, 0x0000000711a00000, 0x0000000711a00000|100%| E|CS|TAMS 0x0000000711900000, 0x0000000711900000| Complete 
| 270|0x0000000711a00000, 0x0000000711b00000, 0x0000000711b00000|100%| E|CS|TAMS 0x0000000711a00000, 0x0000000711a00000| Complete 
| 271|0x0000000711b00000, 0x0000000711c00000, 0x0000000711c00000|100%| E|CS|TAMS 0x0000000711b00000, 0x0000000711b00000| Complete 
| 272|0x0000000711c00000, 0x0000000711d00000, 0x0000000711d00000|100%| E|CS|TAMS 0x0000000711c00000, 0x0000000711c00000| Complete 
| 273|0x0000000711d00000, 0x0000000711e00000, 0x0000000711e00000|100%| E|CS|TAMS 0x0000000711d00000, 0x0000000711d00000| Complete 
| 274|0x0000000711e00000, 0x0000000711f00000, 0x0000000711f00000|100%| E|CS|TAMS 0x0000000711e00000, 0x0000000711e00000| Complete 
| 275|0x0000000711f00000, 0x0000000712000000, 0x0000000712000000|100%| E|CS|TAMS 0x0000000711f00000, 0x0000000711f00000| Complete 
| 276|0x0000000712000000, 0x00000007120a9650, 0x0000000712100000| 66%| S|CS|TAMS 0x0000000712000000, 0x0000000712000000| Complete 
| 277|0x0000000712100000, 0x0000000712200000, 0x0000000712200000|100%| S|CS|TAMS 0x0000000712100000, 0x0000000712100000| Complete 
| 278|0x0000000712200000, 0x0000000712300000, 0x0000000712300000|100%| S|CS|TAMS 0x0000000712200000, 0x0000000712200000| Complete 
| 279|0x0000000712300000, 0x0000000712400000, 0x0000000712400000|100%| S|CS|TAMS 0x0000000712300000, 0x0000000712300000| Complete 
| 280|0x0000000712400000, 0x0000000712500000, 0x0000000712500000|100%| S|CS|TAMS 0x0000000712400000, 0x0000000712400000| Complete 
| 281|0x0000000712500000, 0x0000000712600000, 0x0000000712600000|100%| S|CS|TAMS 0x0000000712500000, 0x0000000712500000| Complete 
| 282|0x0000000712600000, 0x0000000712700000, 0x0000000712700000|100%| S|CS|TAMS 0x0000000712600000, 0x0000000712600000| Complete 
| 283|0x0000000712700000, 0x0000000712800000, 0x0000000712800000|100%| S|CS|TAMS 0x0000000712700000, 0x0000000712700000| Complete 
| 284|0x0000000712800000, 0x0000000712900000, 0x0000000712900000|100%| S|CS|TAMS 0x0000000712800000, 0x0000000712800000| Complete 
| 285|0x0000000712900000, 0x0000000712a00000, 0x0000000712a00000|100%| S|CS|TAMS 0x0000000712900000, 0x0000000712900000| Complete 
| 286|0x0000000712a00000, 0x0000000712b00000, 0x0000000712b00000|100%| S|CS|TAMS 0x0000000712a00000, 0x0000000712a00000| Complete 
| 287|0x0000000712b00000, 0x0000000712c00000, 0x0000000712c00000|100%| S|CS|TAMS 0x0000000712b00000, 0x0000000712b00000| Complete 
| 288|0x0000000712c00000, 0x0000000712d00000, 0x0000000712d00000|100%| S|CS|TAMS 0x0000000712c00000, 0x0000000712c00000| Complete 
| 289|0x0000000712d00000, 0x0000000712e00000, 0x0000000712e00000|100%| E|CS|TAMS 0x0000000712d00000, 0x0000000712d00000| Complete 
| 290|0x0000000712e00000, 0x0000000712f00000, 0x0000000712f00000|100%| E|CS|TAMS 0x0000000712e00000, 0x0000000712e00000| Complete 
| 291|0x0000000712f00000, 0x0000000713000000, 0x0000000713000000|100%| E|CS|TAMS 0x0000000712f00000, 0x0000000712f00000| Complete 
| 292|0x0000000713000000, 0x0000000713100000, 0x0000000713100000|100%| E|CS|TAMS 0x0000000713000000, 0x0000000713000000| Complete 
| 293|0x0000000713100000, 0x0000000713200000, 0x0000000713200000|100%| E|CS|TAMS 0x0000000713100000, 0x0000000713100000| Complete 
| 294|0x0000000713200000, 0x0000000713300000, 0x0000000713300000|100%| E|CS|TAMS 0x0000000713200000, 0x0000000713200000| Complete 
| 295|0x0000000713300000, 0x0000000713400000, 0x0000000713400000|100%| E|CS|TAMS 0x0000000713300000, 0x0000000713300000| Complete 
| 296|0x0000000713400000, 0x0000000713500000, 0x0000000713500000|100%| E|CS|TAMS 0x0000000713400000, 0x0000000713400000| Complete 
| 297|0x0000000713500000, 0x0000000713600000, 0x0000000713600000|100%| E|CS|TAMS 0x0000000713500000, 0x0000000713500000| Complete 
| 298|0x0000000713600000, 0x0000000713700000, 0x0000000713700000|100%| E|CS|TAMS 0x0000000713600000, 0x0000000713600000| Complete 
| 299|0x0000000713700000, 0x0000000713800000, 0x0000000713800000|100%| E|CS|TAMS 0x0000000713700000, 0x0000000713700000| Complete 
| 300|0x0000000713800000, 0x0000000713900000, 0x0000000713900000|100%| E|CS|TAMS 0x0000000713800000, 0x0000000713800000| Complete 
| 301|0x0000000713900000, 0x0000000713a00000, 0x0000000713a00000|100%| E|CS|TAMS 0x0000000713900000, 0x0000000713900000| Complete 
| 302|0x0000000713a00000, 0x0000000713b00000, 0x0000000713b00000|100%| E|CS|TAMS 0x0000000713a00000, 0x0000000713a00000| Complete 
| 303|0x0000000713b00000, 0x0000000713c00000, 0x0000000713c00000|100%| E|CS|TAMS 0x0000000713b00000, 0x0000000713b00000| Complete 
| 304|0x0000000713c00000, 0x0000000713d00000, 0x0000000713d00000|100%| E|CS|TAMS 0x0000000713c00000, 0x0000000713c00000| Complete 
| 305|0x0000000713d00000, 0x0000000713e00000, 0x0000000713e00000|100%| E|CS|TAMS 0x0000000713d00000, 0x0000000713d00000| Complete 
| 306|0x0000000713e00000, 0x0000000713f00000, 0x0000000713f00000|100%| E|CS|TAMS 0x0000000713e00000, 0x0000000713e00000| Complete 
| 307|0x0000000713f00000, 0x0000000714000000, 0x0000000714000000|100%| E|CS|TAMS 0x0000000713f00000, 0x0000000713f00000| Complete 

Card table byte_map: [0x00000210d7cd0000,0x00000210d84d0000] _byte_map_base: 0x00000210d44ca000

Marking Bits (Prev, Next): (CMBitMap*) 0x00000210bfb39e30, (CMBitMap*) 0x00000210bfb39df8
 Prev Bits: [0x00000210dcca0000, 0x00000210e0c70000)
 Next Bits: [0x00000210d8cd0000, 0x00000210dcca0000)

Polling page: 0x00000210bf2b0000

Metaspace:

Usage:
  Non-class:     60.32 MB capacity,    59.28 MB ( 98%) used,   844.45 KB (  1%) free+waste,   221.56 KB ( <1%) overhead. 
      Class:      9.32 MB capacity,     8.66 MB ( 93%) used,   575.63 KB (  6%) free+waste,   103.13 KB (  1%) overhead. 
       Both:     69.64 MB capacity,    67.94 MB ( 98%) used,     1.39 MB (  2%) free+waste,   324.69 KB ( <1%) overhead. 

Virtual space:
  Non-class space:       62.00 MB reserved,      60.50 MB ( 98%) committed 
      Class space:        1.00 GB reserved,       9.38 MB ( <1%) committed 
             Both:        1.06 GB reserved,      69.88 MB (  6%) committed 

Chunk freelists:
   Non-Class:  0 bytes
       Class:  0 bytes
        Both:  0 bytes

CodeHeap 'non-profiled nmethods': size=120000Kb used=4059Kb max_used=4059Kb free=115940Kb
 bounds [0x00000210cfa50000, 0x00000210cfe50000, 0x00000210d6f80000]
CodeHeap 'profiled nmethods': size=120000Kb used=12682Kb max_used=12682Kb free=107317Kb
 bounds [0x00000210c8520000, 0x00000210c9190000, 0x00000210cfa50000]
CodeHeap 'non-nmethods': size=5760Kb used=1311Kb max_used=1371Kb free=4449Kb
 bounds [0x00000210c7f80000, 0x00000210c81f0000, 0x00000210c8520000]
 total_blobs=6292 nmethods=5674 adapters=526
 compilation: enabled
              stopped_count=0, restarted_count=0
 full_count=0

Compilation events (10 events):
Event: 5.706 Thread 0x00000210e5fee800 nmethod 5178 0x00000210cfe2e190 code [0x00000210cfe2e320, 0x00000210cfe2e398]
Event: 5.706 Thread 0x00000210e5fee800 4964       4       java.util.Optional::empty (6 bytes)
Event: 5.706 Thread 0x00000210e5fee800 nmethod 4964 0x00000210cfe2e410 code [0x00000210cfe2e5a0, 0x00000210cfe2e5f8]
Event: 5.706 Thread 0x00000210e5fee800 5083       4       org.springframework.core.annotation.MergedAnnotation::missing (4 bytes)
Event: 5.706 Thread 0x00000210e5fee800 nmethod 5083 0x00000210cfe2e690 code [0x00000210cfe2e820, 0x00000210cfe2e878]
Event: 5.706 Thread 0x00000210e5fee800 4880       4       org.springframework.core.annotation.AbstractMergedAnnotation::synthesize (24 bytes)
Event: 5.709 Thread 0x00000210e5fee800 nmethod 4880 0x00000210cfe2e910 code [0x00000210cfe2eac0, 0x00000210cfe2edf8]
Event: 5.709 Thread 0x00000210e5fee800 5498       4       org.springframework.core.annotation.TypeMappedAnnotations::scan (62 bytes)
Event: 5.765 Thread 0x00000210e44b4800 nmethod 5671% 0x00000210cfe2f010 code [0x00000210cfe2f620, 0x00000210cfe3afb8]
Event: 5.795 Thread 0x00000210e5fee800 nmethod 5498 0x00000210cfe3f010 code [0x00000210cfe3f5a0, 0x00000210cfe43ca8]

GC Heap History (10 events):
Event: 1.151 GC heap before
{Heap before GC invocations=3 (full 0):
 garbage-first heap   total 262144K, used 37281K [0x0000000700c00000, 0x0000000800000000)
  region size 1024K, 34 young (34816K), 5 survivors (5120K)
 Metaspace       used 24748K, capacity 25406K, committed 25600K, reserved 1071104K
  class space    used 2806K, capacity 3061K, committed 3072K, reserved 1048576K
}
Event: 1.155 GC heap after
{Heap after GC invocations=4 (full 0):
 garbage-first heap   total 262144K, used 9837K [0x0000000700c00000, 0x0000000800000000)
  region size 1024K, 4 young (4096K), 4 survivors (4096K)
 Metaspace       used 24748K, capacity 25406K, committed 25600K, reserved 1071104K
  class space    used 2806K, capacity 3061K, committed 3072K, reserved 1048576K
}
Event: 1.426 GC heap before
{Heap before GC invocations=4 (full 0):
 garbage-first heap   total 262144K, used 66157K [0x0000000700c00000, 0x0000000800000000)
  region size 1024K, 60 young (61440K), 4 survivors (4096K)
 Metaspace       used 26753K, capacity 27436K, committed 27776K, reserved 1073152K
  class space    used 3040K, capacity 3331K, committed 3456K, reserved 1048576K
}
Event: 1.429 GC heap after
{Heap after GC invocations=5 (full 0):
 garbage-first heap   total 262144K, used 10970K [0x0000000700c00000, 0x0000000800000000)
  region size 1024K, 5 young (5120K), 5 survivors (5120K)
 Metaspace       used 26753K, capacity 27436K, committed 27776K, reserved 1073152K
  class space    used 3040K, capacity 3331K, committed 3456K, reserved 1048576K
}
Event: 2.497 GC heap before
{Heap before GC invocations=5 (full 0):
 garbage-first heap   total 262144K, used 67290K [0x0000000700c00000, 0x0000000800000000)
  region size 1024K, 61 young (62464K), 5 survivors (5120K)
 Metaspace       used 34769K, capacity 35730K, committed 35840K, reserved 1081344K
  class space    used 4130K, capacity 4547K, committed 4608K, reserved 1048576K
}
Event: 2.504 GC heap after
{Heap after GC invocations=6 (full 0):
 garbage-first heap   total 315392K, used 14595K [0x0000000700c00000, 0x0000000800000000)
  region size 1024K, 8 young (8192K), 8 survivors (8192K)
 Metaspace       used 34769K, capacity 35730K, committed 35840K, reserved 1081344K
  class space    used 4130K, capacity 4547K, committed 4608K, reserved 1048576K
}
Event: 4.062 GC heap before
{Heap before GC invocations=7 (full 0):
 garbage-first heap   total 315392K, used 193795K [0x0000000700c00000, 0x0000000800000000)
  region size 1024K, 184 young (188416K), 8 survivors (8192K)
 Metaspace       used 56372K, capacity 57718K, committed 57856K, reserved 1099776K
  class space    used 7120K, capacity 7641K, committed 7680K, reserved 1048576K
}
Event: 4.073 GC heap after
{Heap after GC invocations=8 (full 0):
 garbage-first heap   total 315392K, used 21214K [0x0000000700c00000, 0x0000000800000000)
  region size 1024K, 15 young (15360K), 15 survivors (15360K)
 Metaspace       used 56372K, capacity 57718K, committed 57856K, reserved 1099776K
  class space    used 7120K, capacity 7641K, committed 7680K, reserved 1048576K
}
Event: 4.278 GC heap before
{Heap before GC invocations=8 (full 0):
 garbage-first heap   total 315392K, used 39646K [0x0000000700c00000, 0x0000000800000000)
  region size 1024K, 34 young (34816K), 15 survivors (15360K)
 Metaspace       used 58826K, capacity 60100K, committed 60160K, reserved 1101824K
  class space    used 7471K, capacity 8008K, committed 8064K, reserved 1048576K
}
Event: 4.289 GC heap after
{Heap after GC invocations=9 (full 0):
 garbage-first heap   total 315392K, used 22134K [0x0000000700c00000, 0x0000000800000000)
  region size 1024K, 13 young (13312K), 13 survivors (13312K)
 Metaspace       used 58826K, capacity 60100K, committed 60160K, reserved 1101824K
  class space    used 7471K, capacity 8008K, committed 8064K, reserved 1048576K
}

Deoptimization events (10 events):
Event: 4.949 Thread 0x00000210bfad7800 Uncommon trap: reason=speculate_class_check action=maybe_recompile pc=0x00000210cfd2e274 method=jdk.internal.loader.Resource.getBytes()[B @ 10 c2
Event: 4.970 Thread 0x00000210bfad7800 Uncommon trap: reason=speculate_class_check action=maybe_recompile pc=0x00000210cfd2e274 method=jdk.internal.loader.Resource.getBytes()[B @ 10 c2
Event: 5.023 Thread 0x00000210bfad7800 Uncommon trap: reason=unstable_if action=reinterpret pc=0x00000210cfb43c08 method=org.springframework.util.ObjectUtils.nullSafeEquals(Ljava/lang/Object;Ljava/lang/Object;)Z @ 12 c2
Event: 5.199 Thread 0x00000210bfad7800 Uncommon trap: reason=unstable_if action=reinterpret pc=0x00000210cfade0dc method=java.util.concurrent.ConcurrentHashMap.transfer([Ljava/util/concurrent/ConcurrentHashMap$Node;[Ljava/util/concurrent/ConcurrentHashMap$Node;)V @ 352 c2
Event: 5.363 Thread 0x00000210bfad7800 Uncommon trap: reason=speculate_class_check action=maybe_recompile pc=0x00000210cfe117c0 method=java.lang.reflect.Executable.declaredAnnotations()Ljava/util/Map; @ 23 c2
Event: 5.363 Thread 0x00000210bfad7800 Uncommon trap: reason=speculate_class_check action=maybe_recompile pc=0x00000210cfe117c0 method=java.lang.reflect.Executable.declaredAnnotations()Ljava/util/Map; @ 23 c2
Event: 5.367 Thread 0x00000210bfad7800 Uncommon trap: reason=speculate_class_check action=maybe_recompile pc=0x00000210cfe117c0 method=java.lang.reflect.Executable.declaredAnnotations()Ljava/util/Map; @ 23 c2
Event: 5.369 Thread 0x00000210bfad7800 Uncommon trap: reason=class_check action=maybe_recompile pc=0x00000210cfabf094 method=org.springframework.boot.context.properties.source.ConfigurationPropertyName$Elements.charAt(II)C @ 43 c2
Event: 5.369 Thread 0x00000210bfad7800 Uncommon trap: reason=class_check action=maybe_recompile pc=0x00000210cfabf094 method=org.springframework.boot.context.properties.source.ConfigurationPropertyName$Elements.charAt(II)C @ 43 c2
Event: 5.375 Thread 0x00000210bfad7800 Uncommon trap: reason=speculate_class_check action=maybe_recompile pc=0x00000210cfe117c0 method=java.lang.reflect.Executable.declaredAnnotations()Ljava/util/Map; @ 23 c2

Classes redefined (0 events):
No events

Internal exceptions (10 events):
Event: 5.102 Thread 0x00000210bfad7800 Exception <a 'java/lang/ClassNotFoundException'{0x000000070ef09d38}: java/lang/ObjectCustomizer> (0x000000070ef09d38) thrown at [./open/src/hotspot/share/classfile/systemDictionary.cpp, line 228]
Event: 5.103 Thread 0x00000210bfad7800 Exception <a 'java/lang/ClassNotFoundException'{0x000000070ef1ff60}: org/springframework/security/config/annotation/web/configuration/HttpSecurityConfigurationCustomizer> (0x000000070ef1ff60) thrown at [./open/src/hotspot/share/classfile/systemDictionary.
Event: 5.139 Thread 0x00000210bfad7800 Exception <a 'java/lang/NoClassDefFoundError'{0x000000070edcef38}: jakarta/validation/MessageInterpolator> (0x000000070edcef38) thrown at [./open/src/hotspot/share/classfile/systemDictionary.cpp, line 217]
Event: 5.217 Thread 0x00000210bfad7800 Exception <a 'java/lang/NoSuchMethodError'{0x000000070e572120}: java.lang.invoke.DirectMethodHandle$Holder.invokeVirtual(Ljava/lang/Object;Ljava/lang/Object;I)V> (0x000000070e572120) thrown at [./open/src/hotspot/share/interpreter/linkResolver.cpp, line 7
Event: 5.219 Thread 0x00000210bfad7800 Exception <a 'java/lang/NoSuchMethodError'{0x000000070e58c170}: java.lang.invoke.DirectMethodHandle$Holder.invokeVirtual(Ljava/lang/Object;Ljava/lang/Object;J)V> (0x000000070e58c170) thrown at [./open/src/hotspot/share/interpreter/linkResolver.cpp, line 7
Event: 5.323 Thread 0x00000210bfad7800 Exception <a 'java/lang/IncompatibleClassChangeError'{0x000000070dddfe38}: Found class java.lang.Object, but interface was expected> (0x000000070dddfe38) thrown at [./open/src/hotspot/share/interpreter/linkResolver.cpp, line 838]
Event: 5.411 Thread 0x00000210bfad7800 Exception <a 'java/lang/NoSuchMethodError'{0x000000070d410908}: java.lang.invoke.DirectMethodHandle$Holder.invokeSpecial(Ljava/lang/Object;Ljava/lang/Object;ILjava/lang/Object;ILjava/lang/Object;)Ljava/lang/Object;> (0x000000070d410908) thrown at [./open/
Event: 5.411 Thread 0x00000210bfad7800 Exception <a 'java/lang/NoSuchMethodError'{0x000000070d417de8}: java.lang.invoke.DirectMethodHandle$Holder.invokeStatic(Ljava/lang/Object;Ljava/lang/Object;ILjava/lang/Object;I)Ljava/lang/Object;> (0x000000070d417de8) thrown at [./open/src/hotspot/share/i
Event: 5.411 Thread 0x00000210bfad7800 Exception <a 'java/lang/NoSuchMethodError'{0x000000070d41b5c0}: java.lang.invoke.DirectMethodHandle$Holder.invokeSpecial(Ljava/lang/Object;Ljava/lang/Object;Ljava/lang/Object;ILjava/lang/Object;I)Ljava/lang/Object;> (0x000000070d41b5c0) thrown at [./open/
Event: 5.412 Thread 0x00000210bfad7800 Exception <a 'java/lang/NoSuchMethodError'{0x000000070d425b18}: java.lang.invoke.DirectMethodHandle$Holder.invokeVirtual(Ljava/lang/Object;Ljava/lang/Object;)V> (0x000000070d425b18) thrown at [./open/src/hotspot/share/interpreter/linkResolver.cpp, line 77

Events (10 events):
Event: 5.442 loading class org/springframework/boot/CommandLineRunner
Event: 5.442 loading class org/springframework/boot/CommandLineRunner done
Event: 5.443 loading class org/springframework/context/ConfigurableApplicationContext
Event: 5.443 loading class org/springframework/context/ConfigurableApplicationContext done
Event: 5.443 loading class org/springframework/context/ConfigurableApplicationContext
Event: 5.443 loading class org/springframework/context/ConfigurableApplicationContext done
Event: 5.443 loading class java/util/IdentityHashMap$KeyIterator
Event: 5.443 loading class java/util/IdentityHashMap$KeyIterator done
Event: 5.443 Thread 0x00000210bfad7800 Thread exited: 0x00000210bfad7800
Event: 5.444 Thread 0x00000210e79dd800 Thread added: 0x00000210e79dd800


Dynamic libraries:
0x00007ff6ec340000 - 0x00007ff6ec34f000 	E:\Sviluppare\Dev\jdks\jdk-11.0.11\bin\javaw.exe
0x00007ffc88590000 - 0x00007ffc88785000 	C:\WINDOWS\SYSTEM32\ntdll.dll
0x00007ffc55830000 - 0x00007ffc55843000 	C:\Program Files\AVAST Software\Avast\aswhook.dll
0x00007ffc86d20000 - 0x00007ffc86ddd000 	C:\WINDOWS\System32\KERNEL32.DLL
0x00007ffc85fb0000 - 0x00007ffc86278000 	C:\WINDOWS\System32\KERNELBASE.dll
0x00007ffc85cd0000 - 0x00007ffc85dd0000 	C:\WINDOWS\System32\ucrtbase.dll
0x00007ffc80af0000 - 0x00007ffc80b05000 	E:\Sviluppare\Dev\jdks\jdk-11.0.11\bin\VCRUNTIME140.dll
0x00007ffc80b10000 - 0x00007ffc80b28000 	E:\Sviluppare\Dev\jdks\jdk-11.0.11\bin\jli.dll
0x00007ffc86780000 - 0x00007ffc8682c000 	C:\WINDOWS\System32\ADVAPI32.dll
0x00007ffc874f0000 - 0x00007ffc8758e000 	C:\WINDOWS\System32\msvcrt.dll
0x00007ffc878c0000 - 0x00007ffc8795b000 	C:\WINDOWS\System32\sechost.dll
0x00007ffc88370000 - 0x00007ffc8849b000 	C:\WINDOWS\System32\RPCRT4.dll
0x00007ffc875f0000 - 0x00007ffc87790000 	C:\WINDOWS\System32\USER32.dll
0x00007ffc850f0000 - 0x00007ffc8538a000 	C:\WINDOWS\WinSxS\amd64_microsoft.windows.common-controls_6595b64144ccf1df_6.0.19041.1052_none_60b8f8fd71f5e8cb\COMCTL32.dll
0x00007ffc85e70000 - 0x00007ffc85e92000 	C:\WINDOWS\System32\win32u.dll
0x00007ffc88520000 - 0x00007ffc8854a000 	C:\WINDOWS\System32\GDI32.dll
0x00007ffc864f0000 - 0x00007ffc865fb000 	C:\WINDOWS\System32\gdi32full.dll
0x00007ffc85dd0000 - 0x00007ffc85e6d000 	C:\WINDOWS\System32\msvcp_win.dll
0x00007ffc82850000 - 0x00007ffc8285a000 	C:\WINDOWS\SYSTEM32\VERSION.dll
0x00007ffc87960000 - 0x00007ffc87990000 	C:\WINDOWS\System32\IMM32.DLL
0x00007ffc7e0d0000 - 0x00007ffc7e16b000 	E:\Sviluppare\Dev\jdks\jdk-11.0.11\bin\msvcp140.dll
0x00007ffc40440000 - 0x00007ffc40f3e000 	E:\Sviluppare\Dev\jdks\jdk-11.0.11\bin\server\jvm.dll
0x00007ffc86e40000 - 0x00007ffc86e48000 	C:\WINDOWS\System32\PSAPI.DLL
0x00007ffc7bd40000 - 0x00007ffc7bd67000 	C:\WINDOWS\SYSTEM32\WINMM.dll
0x00007ffc6c670000 - 0x00007ffc6c679000 	C:\WINDOWS\SYSTEM32\WSOCK32.dll
0x00007ffc87480000 - 0x00007ffc874eb000 	C:\WINDOWS\System32\WS2_32.dll
0x00007ffc82e30000 - 0x00007ffc82e42000 	C:\WINDOWS\SYSTEM32\kernel.appcore.dll
0x00007ffc856a0000 - 0x00007ffc856b0000 	E:\Sviluppare\Dev\jdks\jdk-11.0.11\bin\verify.dll
0x00007ffc85750000 - 0x00007ffc85934000 	C:\WINDOWS\SYSTEM32\DBGHELP.DLL
0x00007ffc85650000 - 0x00007ffc8567c000 	C:\WINDOWS\SYSTEM32\dbgcore.DLL
0x00007ffc85f20000 - 0x00007ffc85fa3000 	C:\WINDOWS\System32\bcryptPrimitives.dll
0x00007ffc80570000 - 0x00007ffc80598000 	E:\Sviluppare\Dev\jdks\jdk-11.0.11\bin\java.dll
0x00007ffc82800000 - 0x00007ffc8280a000 	E:\Sviluppare\Dev\jdks\jdk-11.0.11\bin\jimage.dll
0x00007ffc80b50000 - 0x00007ffc80b66000 	E:\Sviluppare\Dev\jdks\jdk-11.0.11\bin\zip.dll
0x00007ffc87b50000 - 0x00007ffc8828f000 	C:\WINDOWS\System32\SHELL32.dll
0x00007ffc83030000 - 0x00007ffc837c0000 	C:\WINDOWS\SYSTEM32\windows.storage.dll
0x00007ffc87120000 - 0x00007ffc87475000 	C:\WINDOWS\System32\combase.dll
0x00007ffc84fa0000 - 0x00007ffc84fcc000 	C:\WINDOWS\SYSTEM32\Wldp.dll
0x00007ffc86600000 - 0x00007ffc866ae000 	C:\WINDOWS\System32\SHCORE.dll
0x00007ffc86de0000 - 0x00007ffc86e35000 	C:\WINDOWS\System32\shlwapi.dll
0x00007ffc85c10000 - 0x00007ffc85c2f000 	C:\WINDOWS\SYSTEM32\profapi.dll
0x00007ffc80380000 - 0x00007ffc80399000 	E:\Sviluppare\Dev\jdks\jdk-11.0.11\bin\net.dll
0x00007ffc7b9c0000 - 0x00007ffc7bacb000 	C:\WINDOWS\SYSTEM32\WINHTTP.dll
0x00007ffc84d30000 - 0x00007ffc84d9a000 	C:\WINDOWS\system32\mswsock.dll
0x00007ffc80360000 - 0x00007ffc80372000 	E:\Sviluppare\Dev\jdks\jdk-11.0.11\bin\nio.dll
0x00007ffc752b0000 - 0x00007ffc752b9000 	E:\Sviluppare\Dev\jdks\jdk-11.0.11\bin\management.dll
0x00007ffc72230000 - 0x00007ffc7223b000 	E:\Sviluppare\Dev\jdks\jdk-11.0.11\bin\management_ext.dll
0x00007ffc66910000 - 0x00007ffc66927000 	C:\WINDOWS\system32\napinsp.dll
0x00007ffc65de0000 - 0x00007ffc65dfb000 	C:\WINDOWS\system32\pnrpnsp.dll
0x00007ffc6f900000 - 0x00007ffc6f915000 	C:\WINDOWS\system32\wshbth.dll
0x00007ffc80a50000 - 0x00007ffc80a6d000 	C:\WINDOWS\system32\NLAapi.dll
0x00007ffc84a60000 - 0x00007ffc84a9b000 	C:\WINDOWS\SYSTEM32\IPHLPAPI.DLL
0x00007ffc84aa0000 - 0x00007ffc84b6c000 	C:\WINDOWS\SYSTEM32\DNSAPI.dll
0x00007ffc878b0000 - 0x00007ffc878b8000 	C:\WINDOWS\System32\NSI.dll
0x00007ffc668a0000 - 0x00007ffc668b2000 	C:\WINDOWS\System32\winrnr.dll
0x00007ffc6c910000 - 0x00007ffc6c91a000 	C:\Windows\System32\rasadhlp.dll
0x00007ffc79730000 - 0x00007ffc797af000 	C:\WINDOWS\System32\fwpuclnt.dll
0x00007ffc85ef0000 - 0x00007ffc85f17000 	C:\WINDOWS\System32\bcrypt.dll
0x00007ffc85a60000 - 0x00007ffc85a78000 	C:\WINDOWS\SYSTEM32\CRYPTSP.dll
0x00007ffc84730000 - 0x00007ffc84764000 	C:\WINDOWS\system32\rsaenh.dll
0x00007ffc85b90000 - 0x00007ffc85bbe000 	C:\WINDOWS\SYSTEM32\USERENV.dll
0x00007ffc84f00000 - 0x00007ffc84f0c000 	C:\WINDOWS\SYSTEM32\CRYPTBASE.dll
0x00007ffc7ea50000 - 0x00007ffc7ea67000 	C:\WINDOWS\SYSTEM32\dhcpcsvc6.DLL
0x00007ffc7eb60000 - 0x00007ffc7eb7d000 	C:\WINDOWS\SYSTEM32\dhcpcsvc.DLL
0x00007ffc80630000 - 0x00007ffc8063d000 	E:\Sviluppare\Dev\jdks\jdk-11.0.11\bin\sunmscapi.dll
0x00007ffc862e0000 - 0x00007ffc8643f000 	C:\WINDOWS\System32\CRYPT32.dll
0x00007ffc850a0000 - 0x00007ffc850c7000 	C:\WINDOWS\SYSTEM32\ncrypt.dll
0x00007ffc85030000 - 0x00007ffc8506b000 	C:\WINDOWS\SYSTEM32\NTASN1.dll
0x00007ffc80330000 - 0x00007ffc80355000 	E:\Sviluppare\Dev\jdks\jdk-11.0.11\bin\sunec.dll

dbghelp: loaded successfully - version: 4.0.5 - missing functions: none
symbol engine: initialized successfully - sym options: 0x614 - pdb path: .;E:\Sviluppare\Dev\jdks\jdk-11.0.11\bin;C:\WINDOWS\SYSTEM32;C:\Program Files\AVAST Software\Avast;C:\WINDOWS\WinSxS\amd64_microsoft.windows.common-controls_6595b64144ccf1df_6.0.19041.1052_none_60b8f8fd71f5e8cb;E:\Sviluppare\Dev\jdks\jdk-11.0.11\bin\server

VM Arguments:
jvm_args: -Dfile.encoding=UTF-8 
java_command: it.rdev.blog.api.BlogApiApplication
java_class_path (initial): C:\Users\Peppe\eclipse-workspace\BlogAPI\target\classes;C:\Users\Peppe\.m2\repository\org\springframework\boot\spring-boot-starter-web\2.5.0\spring-boot-starter-web-2.5.0.jar;C:\Users\Peppe\.m2\repository\org\springframework\boot\spring-boot-starter\2.5.0\spring-boot-starter-2.5.0.jar;C:\Users\Peppe\.m2\repository\org\springframework\boot\spring-boot\2.5.0\spring-boot-2.5.0.jar;C:\Users\Peppe\.m2\repository\org\springframework\boot\spring-boot-autoconfigure\2.5.0\spring-boot-autoconfigure-2.5.0.jar;C:\Users\Peppe\.m2\repository\org\springframework\boot\spring-boot-starter-logging\2.5.0\spring-boot-starter-logging-2.5.0.jar;C:\Users\Peppe\.m2\repository\ch\qos\logback\logback-classic\1.2.3\logback-classic-1.2.3.jar;C:\Users\Peppe\.m2\repository\ch\qos\logback\logback-core\1.2.3\logback-core-1.2.3.jar;C:\Users\Peppe\.m2\repository\org\apache\logging\log4j\log4j-to-slf4j\2.14.1\log4j-to-slf4j-2.14.1.jar;C:\Users\Peppe\.m2\repository\org\apache\logging\log4j\log4j-api\2.14.1\log4j-api-2.14.1.jar;C:\Users\Peppe\.m2\repository\org\slf4j\jul-to-slf4j\1.7.30\jul-to-slf4j-1.7.30.jar;C:\Users\Peppe\.m2\repository\jakarta\annotation\jakarta.annotation-api\1.3.5\jakarta.annotation-api-1.3.5.jar;C:\Users\Peppe\.m2\repository\org\yaml\snakeyaml\1.28\snakeyaml-1.28.jar;C:\Users\Peppe\.m2\repository\org\springframework\boot\spring-boot-starter-json\2.5.0\spring-boot-starter-json-2.5.0.jar;C:\Users\Peppe\.m2\repository\com\fasterxml\jackson\datatype\jackson-datatype-jdk8\2.12.3\jackson-datatype-jdk8-2.12.3.jar;C:\Users\Peppe\.m2\repository\com\fasterxml\jackson\datatype\jackson-datatype-jsr310\2.12.3\jackson-datatype-jsr310-2.12.3.jar;C:\Users\Peppe\.m2\repository\com\fasterxml\jackson\module\jackson-module-parameter-names\2.12.3\jackson-module-parameter-names-2.12.3.jar;C:\Users\Peppe\.m2\repository\org\springframework\boot\spring-boot-starter-tomcat\2.5.0\spring-boot-starter-tomcat-2.5.0.jar;C:\Users\Peppe\.m2\repository\org\apache\tomcat\embed\tomcat-
Launcher Type: SUN_STANDARD

[Global flags]
     intx CICompilerCount                          = 4                                         {product} {ergonomic}
     uint ConcGCThreads                            = 3                                         {product} {ergonomic}
     uint G1ConcRefinementThreads                  = 10                                        {product} {ergonomic}
   size_t G1HeapRegionSize                         = 1048576                                   {product} {ergonomic}
    uintx GCDrainStackTargetSize                   = 64                                        {product} {ergonomic}
   size_t InitialHeapSize                          = 268435456                                 {product} {ergonomic}
   size_t MarkStackSize                            = 4194304                                   {product} {ergonomic}
   size_t MaxHeapSize                              = 4282384384                                {product} {ergonomic}
   size_t MaxNewSize                               = 2569011200                                {product} {ergonomic}
   size_t MinHeapDeltaBytes                        = 1048576                                   {product} {ergonomic}
    uintx NonNMethodCodeHeapSize                   = 5836300                                {pd product} {ergonomic}
    uintx NonProfiledCodeHeapSize                  = 122910970                              {pd product} {ergonomic}
    uintx ProfiledCodeHeapSize                     = 122910970                              {pd product} {ergonomic}
    uintx ReservedCodeCacheSize                    = 251658240                              {pd product} {ergonomic}
     bool SegmentedCodeCache                       = true                                      {product} {ergonomic}
     bool UseCompressedClassPointers               = true                                 {lp64_product} {ergonomic}
     bool UseCompressedOops                        = true                                 {lp64_product} {ergonomic}
     bool UseG1GC                                  = true                                      {product} {ergonomic}
     bool UseLargePagesIndividualAllocation        = false                                  {pd product} {ergonomic}

Logging:
Log output configuration:
 #0: stdout all=warning uptime,level,tags
 #1: stderr all=off uptime,level,tags

Environment Variables:
JAVA_HOME=E:\Sviluppare\Dev\jdks\jdk-11.0.11
PATH=E:/Sviluppare/Dev/jdks/jdk-11.0.11/bin/server;E:/Sviluppare/Dev/jdks/jdk-11.0.11/bin;C:\Program Files (x86)\Common Files\Oracle\Java\javapath;C:\ProgramData\Oracle\Java\javapath;C:\WINDOWS\system32;C:\WINDOWS;C:\WINDOWS\System32\Wbem;C:\WINDOWS\System32\WindowsPowerShell\v1.0\;C:\WINDOWS\System32\OpenSSH\;C:\Program Files\Java\jre1.8.0_211\bin;C:\Program Files\Crucial\Crucial Storage Executive;C:\Users\Peppe\AppData\Local\Microsoft\WindowsApps;C:\adb;C:\Program Files\Git\cmd;C:\Users\Peppe\AppData\Local\Microsoft\WindowsApps;%PhoenixPath%;E:\Sviluppare\Dev\jdks\jdk-11.0.11\bin;C:\Program Files\Java\jre1.8.0_211\bin;C:\Users\Peppe\AppData\Local\GitHubDesktop\bin;E:\Sviluppare\Dev\apache-maven-3.8.1\bin;;C:\Users\Peppe\Desktop;
USERNAME=Peppe
OS=Windows_NT
PROCESSOR_IDENTIFIER=AMD64 Family 23 Model 8 Stepping 2, AuthenticAMD



---------------  S Y S T E M  ---------------

OS: Windows 10 , 64 bit Build 19041 (10.0.19041.1023)
Hyper-V role detected

CPU:total 12 (initial active 12) (12 cores per cpu, 2 threads per core) family 23 model 8 stepping 2 microcode 0x0, cmov, cx8, fxsr, mmx, sse, sse2, sse3, ssse3, sse4.1, sse4.2, popcnt, avx, avx2, aes, clmul, mmxext, 3dnowpref, lzcnt, sse4a, ht, tsc, tscinvbit, tscinv, bmi1, bmi2, adx, s

Memory: 4k page, system-wide physical 16328M (7886M free)
TotalPageFile size 25189M (AvailPageFile size 3782M)
current process WorkingSet (physical memory assigned to process): 424M, peak: 442M
current process commit charge ("private bytes"): 569M, peak: 588M

vm_info: Java HotSpot(TM) 64-Bit Server VM (11.0.11+9-LTS-194) for windows-amd64 JRE (11.0.11+9-LTS-194), built on Mar 18 2021 18:46:53 by "mach5one" with MS VC++ 15.9 (VS2017)

END.
